#
# There is insufficient memory for the Java Runtime Environment to continue.
# Native memory allocation (malloc) failed to allocate 1506928 bytes for Chunk::new
# Possible reasons:
#   The system is out of physical RAM or swap space
#   The process is running with CompressedOops enabled, and the Java Heap may be blocking the growth of the native heap
# Possible solutions:
#   Reduce memory load on the system
#   Increase physical memory or swap space
#   Check if swap backing store is full
#   Decrease Java heap size (-Xmx/-Xms)
#   Decrease number of Java threads
#   Decrease Java thread stack sizes (-Xss)
#   Set larger code cache with -XX:ReservedCodeCacheSize=
#   JVM is running with Unscaled Compressed Oops mode in which the Java heap is
#     placed in the first 4GB address space. The Java Heap base address is the
#     maximum limit for the native heap growth. Please use -XX:HeapBaseMinAddress
#     to set the Java Heap base and to place the Java Heap above 4GB virtual address.
# This output file may be truncated or incomplete.
#
#  Out of Memory Error (arena.cpp:195), pid=15860, tid=4000
#
# JRE version: Java(TM) SE Runtime Environment (16.0.2+7) (build 16.0.2+7-67)
# Java VM: Java HotSpot(TM) 64-Bit Server VM (16.0.2+7-67, mixed mode, sharing, tiered, compressed oops, compressed class ptrs, g1 gc, windows-amd64)
# No core dump will be written. Minidumps are not enabled by default on client versions of Windows
#

---------------  S U M M A R Y ------------

Command Line: --add-opens=java.base/java.util=ALL-UNNAMED --add-opens=java.base/java.lang=ALL-UNNAMED --add-opens=java.base/java.lang.invoke=ALL-UNNAMED --add-opens=java.base/java.util=ALL-UNNAMED --add-opens=java.prefs/java.util.prefs=ALL-UNNAMED --add-opens=java.prefs/java.util.prefs=ALL-UNNAMED --add-opens=java.base/java.nio.charset=ALL-UNNAMED --add-opens=java.base/java.net=ALL-UNNAMED --add-opens=java.base/java.util.concurrent.atomic=ALL-UNNAMED -XX:MaxMetaspaceSize=256m -XX:+HeapDumpOnOutOfMemoryError -Xms256m -Xmx512m -Dfile.encoding=windows-1251 -Duser.country=RU -Duser.language=ru -Duser.variant org.gradle.launcher.daemon.bootstrap.GradleDaemon 7.1.1

Host: Intel(R) Core(TM) i7-8550U CPU @ 1.80GHz, 8 cores, 15G,  Windows 10 , 64 bit Build 19041 (10.0.19041.1202)
Time: Tue Oct  5 00:11:05 2021 RTZ 2 (s 10 , 64 bit Build 19041 (10.0.19041.1202) elapsed time: 11.620395 seconds (0d 0h 0m 11s)

---------------  T H R E A D  ---------------

Current thread (0x00000167f15c6c10):  JavaThread "C2 CompilerThread1" daemon [_thread_in_native, id=4000, stack(0x0000003c6f400000,0x0000003c6f500000)]


Current CompileTask:
C2:  11621 8062 %     4       org.gradle.internal.instantiation.generator.AbstractClassGenerator::inspectType @ 107 (560 bytes)

Stack: [0x0000003c6f400000,0x0000003c6f500000]
Native frames: (J=compiled Java code, j=interpreted, Vv=VM code, C=native code)
V  [jvm.dll+0x6681ca]
V  [jvm.dll+0x7c9e69]
V  [jvm.dll+0x7cb61e]
V  [jvm.dll+0x7cbc73]
V  [jvm.dll+0x242c55]
V  [jvm.dll+0xadeba]
V  [jvm.dll+0xae45c]
V  [jvm.dll+0x35a8d7]
V  [jvm.dll+0x1b9cc1]
V  [jvm.dll+0x215e16]
V  [jvm.dll+0x215100]
V  [jvm.dll+0x1a1beb]
V  [jvm.dll+0x225158]
V  [jvm.dll+0x22319c]
V  [jvm.dll+0x77fa62]
V  [jvm.dll+0x7795aa]
V  [jvm.dll+0x667066]
C  [ucrtbase.dll+0x21bb2]
C  [KERNEL32.DLL+0x17034]
C  [ntdll.dll+0x52651]


---------------  P R O C E S S  ---------------

Threads class SMR info:
_java_thread_list=0x00000167f449c2c0, length=93, elements={
0x00000167d403eb00, 0x00000167ee7fbfa0, 0x00000167ee800ad0, 0x00000167ee812820,
0x00000167ee813330, 0x00000167ee813e40, 0x00000167ee8191f0, 0x00000167ee81a6f0,
0x00000167ee84bfa0, 0x00000167ee85f0d0, 0x00000167ef50adc0, 0x00000167ef50baf0,
0x00000167f17cf4e0, 0x00000167f1f61360, 0x00000167f1f17e40, 0x00000167f18e79b0,
0x00000167f1de7000, 0x00000167f10ee680, 0x00000167ef7fad90, 0x00000167ef7f9da0,
0x00000167ef7fc2d0, 0x00000167ef7fbd80, 0x00000167ef7f8db0, 0x00000167ef7f9300,
0x00000167ef7f9850, 0x00000167f15c6c10, 0x00000167ef7fb2e0, 0x00000167f2e60030,
0x00000167f2e60580, 0x00000167f2e5e050, 0x00000167f2e5e5a0, 0x00000167f2e5d060,
0x00000167f2e5eaf0, 0x00000167f2e5db00, 0x00000167f0fcafe0, 0x00000167f0fc45a0,
0x00000167f0fc5ae0, 0x00000167f0fcb530, 0x00000167f0fc7020, 0x00000167f0fc9aa0,
0x00000167f0fc8010, 0x00000167f0fc4af0, 0x00000167f0fc7ac0, 0x00000167f0fc9550,
0x00000167f0fc6030, 0x00000167f0fc7570, 0x00000167f0fcba80, 0x00000167f0fc4050,
0x00000167f0fc5040, 0x00000167f0fc8ab0, 0x00000167f0fc9ff0, 0x00000167f0fca540,
0x00000167f0fc5590, 0x00000167f0fc8560, 0x00000167f324d400, 0x00000167f324b970,
0x00000167f3247460, 0x00000167f32479b0, 0x00000167f3246f10, 0x00000167f3248ef0,
0x00000167f324bec0, 0x00000167f324e940, 0x00000167f3247f00, 0x00000167f324c410,
0x00000167f324dea0, 0x00000167f3248450, 0x00000167f3249990, 0x00000167f324a980,
0x00000167f3249440, 0x00000167f3249ee0, 0x00000167f324aed0, 0x00000167f324b420,
0x00000167f324e3f0, 0x00000167f324c960, 0x00000167f324ceb0, 0x00000167f324d950,
0x00000167f4b06260, 0x00000167f4b0c750, 0x00000167f4b067b0, 0x00000167f4b09780,
0x00000167f4b0bcb0, 0x00000167f4b06d00, 0x00000167f4b0c200, 0x00000167f4b0cca0,
0x00000167f4b08240, 0x00000167f4b09cd0, 0x00000167f4b0b760, 0x00000167f4b07250,
0x00000167f4b0a220, 0x00000167f4b08790, 0x00000167f4b057c0, 0x00000167f4b05270,
0x00000167f4b08ce0
}

Java Threads: ( => current thread )
  0x00000167d403eb00 JavaThread "main" [_thread_blocked, id=18724, stack(0x0000003c6cf00000,0x0000003c6d000000)]
  0x00000167ee7fbfa0 JavaThread "Reference Handler" daemon [_thread_blocked, id=5624, stack(0x0000003c6d600000,0x0000003c6d700000)]
  0x00000167ee800ad0 JavaThread "Finalizer" daemon [_thread_blocked, id=11956, stack(0x0000003c6d700000,0x0000003c6d800000)]
  0x00000167ee812820 JavaThread "Signal Dispatcher" daemon [_thread_blocked, id=20004, stack(0x0000003c6d800000,0x0000003c6d900000)]
  0x00000167ee813330 JavaThread "Attach Listener" daemon [_thread_blocked, id=13900, stack(0x0000003c6d900000,0x0000003c6da00000)]
  0x00000167ee813e40 JavaThread "Service Thread" daemon [_thread_blocked, id=12284, stack(0x0000003c6da00000,0x0000003c6db00000)]
  0x00000167ee8191f0 JavaThread "Monitor Deflation Thread" daemon [_thread_blocked, id=8956, stack(0x0000003c6db00000,0x0000003c6dc00000)]
  0x00000167ee81a6f0 JavaThread "C2 CompilerThread0" daemon [_thread_blocked, id=13208, stack(0x0000003c6dc00000,0x0000003c6dd00000)]
  0x00000167ee84bfa0 JavaThread "C1 CompilerThread0" daemon [_thread_blocked, id=6348, stack(0x0000003c6dd00000,0x0000003c6de00000)]
  0x00000167ee85f0d0 JavaThread "Sweeper thread" daemon [_thread_blocked, id=19352, stack(0x0000003c6de00000,0x0000003c6df00000)]
  0x00000167ef50adc0 JavaThread "Common-Cleaner" daemon [_thread_blocked, id=18892, stack(0x0000003c6df00000,0x0000003c6e000000)]
  0x00000167ef50baf0 JavaThread "Notification Thread" daemon [_thread_blocked, id=15684, stack(0x0000003c6e000000,0x0000003c6e100000)]
  0x00000167f17cf4e0 JavaThread "Daemon health stats" [_thread_blocked, id=5880, stack(0x0000003c6e900000,0x0000003c6ea00000)]
  0x00000167f1f61360 JavaThread "Incoming local TCP Connector on port 6606" [_thread_in_native, id=10884, stack(0x0000003c6e200000,0x0000003c6e300000)]
  0x00000167f1f17e40 JavaThread "Daemon periodic checks" [_thread_blocked, id=18916, stack(0x0000003c6e300000,0x0000003c6e400000)]
  0x00000167f18e79b0 JavaThread "Daemon" [_thread_blocked, id=14816, stack(0x0000003c6eb00000,0x0000003c6ec00000)]
  0x00000167f1de7000 JavaThread "Handler for socket connection from /127.0.0.1:6606 to /127.0.0.1:6608" [_thread_in_native, id=12840, stack(0x0000003c6ec00000,0x0000003c6ed00000)]
  0x00000167f10ee680 JavaThread "Cancel handler" [_thread_blocked, id=12304, stack(0x0000003c6ed00000,0x0000003c6ee00000)]
  0x00000167ef7fad90 JavaThread "Daemon worker" [_thread_blocked, id=9632, stack(0x0000003c6ee00000,0x0000003c6ef00000)]
  0x00000167ef7f9da0 JavaThread "Asynchronous log dispatcher for DefaultDaemonConnection: socket connection from /127.0.0.1:6606 to /127.0.0.1:6608" [_thread_blocked, id=20448, stack(0x0000003c6ef00000,0x0000003c6f000000)]
  0x00000167ef7fc2d0 JavaThread "Stdin handler" [_thread_blocked, id=3452, stack(0x0000003c6f000000,0x0000003c6f100000)]
  0x00000167ef7fbd80 JavaThread "Daemon client event forwarder" [_thread_blocked, id=19948, stack(0x0000003c6f100000,0x0000003c6f200000)]
  0x00000167ef7f8db0 JavaThread "Cache worker for journal cache (C:\Users\user\.gradle\caches\journal-1)" [_thread_blocked, id=8604, stack(0x0000003c6ea00000,0x0000003c6eb00000)]
  0x00000167ef7f9300 JavaThread "File lock request listener" [_thread_in_native, id=15544, stack(0x0000003c6f200000,0x0000003c6f300000)]
  0x00000167ef7f9850 JavaThread "Cache worker for file hash cache (C:\Users\user\.gradle\caches\7.1.1\fileHashes)" [_thread_blocked, id=4976, stack(0x0000003c6f300000,0x0000003c6f400000)]
=>0x00000167f15c6c10 JavaThread "C2 CompilerThread1" daemon [_thread_in_native, id=4000, stack(0x0000003c6f400000,0x0000003c6f500000)]
  0x00000167ef7fb2e0 JavaThread "Cache worker for file hash cache (D:\KFD_labs\Coffee Machine\.gradle\7.1.1\fileHashes)" [_thread_blocked, id=15072, stack(0x0000003c6f600000,0x0000003c6f700000)]
  0x00000167f2e60030 JavaThread "File watcher server" daemon [_thread_in_native, id=16168, stack(0x0000003c6f700000,0x0000003c6f800000)]
  0x00000167f2e60580 JavaThread "File watcher consumer" daemon [_thread_blocked, id=15304, stack(0x0000003c6f800000,0x0000003c6f900000)]
  0x00000167f2e5e050 JavaThread "Cache worker for checksums cache (D:\KFD_labs\Coffee Machine\.gradle\checksums)" [_thread_blocked, id=8504, stack(0x0000003c6f900000,0x0000003c6fa00000)]
  0x00000167f2e5e5a0 JavaThread "Cache worker for cache directory md-supplier (C:\Users\user\.gradle\caches\7.1.1\md-supplier)" [_thread_blocked, id=20312, stack(0x0000003c6fa00000,0x0000003c6fb00000)]
  0x00000167f2e5d060 JavaThread "Cache worker for cache directory md-rule (C:\Users\user\.gradle\caches\7.1.1\md-rule)" [_thread_blocked, id=11100, stack(0x0000003c6fb00000,0x0000003c6fc00000)]
  0x00000167f2e5eaf0 JavaThread "Cache worker for execution history cache (C:\Users\user\.gradle\caches\7.1.1\executionHistory)" [_thread_blocked, id=19064, stack(0x0000003c6fc00000,0x0000003c6fd00000)]
  0x00000167f2e5db00 JavaThread "jar transforms" [_thread_blocked, id=19020, stack(0x0000003c70000000,0x0000003c70100000)]
  0x00000167f0fcafe0 JavaThread "jar transforms Thread 2" [_thread_blocked, id=15376, stack(0x0000003c70100000,0x0000003c70200000)]
  0x00000167f0fc45a0 JavaThread "Cache worker for file content cache (C:\Users\user\.gradle\caches\7.1.1\fileContent)" [_thread_blocked, id=19952, stack(0x0000003c70200000,0x0000003c70300000)]
  0x00000167f0fc5ae0 JavaThread "Cache worker for dependencies-accessors (D:\KFD_labs\Coffee Machine\.gradle\7.1.1\dependencies-accessors)" [_thread_blocked, id=2556, stack(0x0000003c70300000,0x0000003c70400000)]
  0x00000167f0fcb530 JavaThread "jar transforms Thread 3" [_thread_blocked, id=9732, stack(0x0000003c70400000,0x0000003c70500000)]
  0x00000167f0fc7020 JavaThread "Cache worker for Build Output Cleanup Cache (D:\KFD_labs\Coffee Machine\.gradle\buildOutputCleanup)" [_thread_blocked, id=19320, stack(0x0000003c70500000,0x0000003c70600000)]
  0x00000167f0fc9aa0 JavaThread "Unconstrained build operations" [_thread_blocked, id=3832, stack(0x0000003c70600000,0x0000003c70700000)]
  0x00000167f0fc8010 JavaThread "Unconstrained build operations Thread 2" [_thread_blocked, id=19888, stack(0x0000003c70700000,0x0000003c70800000)]
  0x00000167f0fc4af0 JavaThread "Unconstrained build operations Thread 3" [_thread_blocked, id=18240, stack(0x0000003c70800000,0x0000003c70900000)]
  0x00000167f0fc7ac0 JavaThread "Unconstrained build operations Thread 4" [_thread_blocked, id=19928, stack(0x0000003c70900000,0x0000003c70a00000)]
  0x00000167f0fc9550 JavaThread "Unconstrained build operations Thread 5" [_thread_blocked, id=7532, stack(0x0000003c70a00000,0x0000003c70b00000)]
  0x00000167f0fc6030 JavaThread "Unconstrained build operations Thread 6" [_thread_blocked, id=2420, stack(0x0000003c70b00000,0x0000003c70c00000)]
  0x00000167f0fc7570 JavaThread "Unconstrained build operations Thread 7" [_thread_blocked, id=19812, stack(0x0000003c70c00000,0x0000003c70d00000)]
  0x00000167f0fcba80 JavaThread "Unconstrained build operations Thread 8" [_thread_blocked, id=16268, stack(0x0000003c70d00000,0x0000003c70e00000)]
  0x00000167f0fc4050 JavaThread "Unconstrained build operations Thread 9" [_thread_blocked, id=19792, stack(0x0000003c70e00000,0x0000003c70f00000)]
  0x00000167f0fc5040 JavaThread "Unconstrained build operations Thread 10" [_thread_blocked, id=8860, stack(0x0000003c70f00000,0x0000003c71000000)]
  0x00000167f0fc8ab0 JavaThread "Unconstrained build operations Thread 11" [_thread_blocked, id=17584, stack(0x0000003c71000000,0x0000003c71100000)]
  0x00000167f0fc9ff0 JavaThread "Unconstrained build operations Thread 12" [_thread_blocked, id=4348, stack(0x0000003c71100000,0x0000003c71200000)]
  0x00000167f0fca540 JavaThread "Unconstrained build operations Thread 13" [_thread_blocked, id=20252, stack(0x0000003c71200000,0x0000003c71300000)]
  0x00000167f0fc5590 JavaThread "Unconstrained build operations Thread 14" [_thread_blocked, id=17820, stack(0x0000003c71300000,0x0000003c71400000)]
  0x00000167f0fc8560 JavaThread "Unconstrained build operations Thread 15" [_thread_blocked, id=3928, stack(0x0000003c71400000,0x0000003c71500000)]
  0x00000167f324d400 JavaThread "Unconstrained build operations Thread 16" [_thread_blocked, id=13240, stack(0x0000003c71500000,0x0000003c71600000)]
  0x00000167f324b970 JavaThread "Unconstrained build operations Thread 17" [_thread_blocked, id=18548, stack(0x0000003c71600000,0x0000003c71700000)]
  0x00000167f3247460 JavaThread "Unconstrained build operations Thread 18" [_thread_blocked, id=8320, stack(0x0000003c71700000,0x0000003c71800000)]
  0x00000167f32479b0 JavaThread "Unconstrained build operations Thread 19" [_thread_blocked, id=2396, stack(0x0000003c71800000,0x0000003c71900000)]
  0x00000167f3246f10 JavaThread "Unconstrained build operations Thread 20" [_thread_blocked, id=11544, stack(0x0000003c71900000,0x0000003c71a00000)]
  0x00000167f3248ef0 JavaThread "Unconstrained build operations Thread 21" [_thread_blocked, id=3648, stack(0x0000003c71a00000,0x0000003c71b00000)]
  0x00000167f324bec0 JavaThread "Unconstrained build operations Thread 22" [_thread_blocked, id=16764, stack(0x0000003c71b00000,0x0000003c71c00000)]
  0x00000167f324e940 JavaThread "Unconstrained build operations Thread 23" [_thread_blocked, id=4640, stack(0x0000003c71c00000,0x0000003c71d00000)]
  0x00000167f3247f00 JavaThread "Unconstrained build operations Thread 24" [_thread_blocked, id=2916, stack(0x0000003c71d00000,0x0000003c71e00000)]
  0x00000167f324c410 JavaThread "Unconstrained build operations Thread 25" [_thread_blocked, id=15796, stack(0x0000003c71e00000,0x0000003c71f00000)]
  0x00000167f324dea0 JavaThread "Unconstrained build operations Thread 26" [_thread_blocked, id=9244, stack(0x0000003c71f00000,0x0000003c72000000)]
  0x00000167f3248450 JavaThread "Unconstrained build operations Thread 27" [_thread_blocked, id=13236, stack(0x0000003c72000000,0x0000003c72100000)]
  0x00000167f3249990 JavaThread "Unconstrained build operations Thread 28" [_thread_blocked, id=15392, stack(0x0000003c72100000,0x0000003c72200000)]
  0x00000167f324a980 JavaThread "Unconstrained build operations Thread 29" [_thread_blocked, id=15016, stack(0x0000003c72200000,0x0000003c72300000)]
  0x00000167f3249440 JavaThread "Unconstrained build operations Thread 30" [_thread_blocked, id=16008, stack(0x0000003c72300000,0x0000003c72400000)]
  0x00000167f3249ee0 JavaThread "Unconstrained build operations Thread 31" [_thread_blocked, id=19300, stack(0x0000003c72400000,0x0000003c72500000)]
  0x00000167f324aed0 JavaThread "Unconstrained build operations Thread 32" [_thread_blocked, id=8216, stack(0x0000003c72500000,0x0000003c72600000)]
  0x00000167f324b420 JavaThread "jar transforms Thread 4" [_thread_blocked, id=12436, stack(0x0000003c72600000,0x0000003c72700000)]
  0x00000167f324e3f0 JavaThread "jar transforms Thread 5" [_thread_blocked, id=19228, stack(0x0000003c72700000,0x0000003c72800000)]
  0x00000167f324c960 JavaThread "jar transforms Thread 6" [_thread_blocked, id=2804, stack(0x0000003c72800000,0x0000003c72900000)]
  0x00000167f324ceb0 JavaThread "jar transforms Thread 7" [_thread_blocked, id=11568, stack(0x0000003c72900000,0x0000003c72a00000)]
  0x00000167f324d950 JavaThread "jar transforms Thread 8" [_thread_blocked, id=2276, stack(0x0000003c72a00000,0x0000003c72b00000)]
  0x00000167f4b06260 JavaThread "Memory manager" [_thread_blocked, id=15596, stack(0x0000003c72b00000,0x0000003c72c00000)]
  0x00000167f4b0c750 JavaThread "Execution worker for ':'" [_thread_blocked, id=2600, stack(0x0000003c73100000,0x0000003c73200000)]
  0x00000167f4b067b0 JavaThread "Execution worker for ':' Thread 2" [_thread_blocked, id=17596, stack(0x0000003c73200000,0x0000003c73300000)]
  0x00000167f4b09780 JavaThread "Execution worker for ':' Thread 3" [_thread_blocked, id=13784, stack(0x0000003c73300000,0x0000003c73400000)]
  0x00000167f4b0bcb0 JavaThread "Execution worker for ':' Thread 4" [_thread_blocked, id=18564, stack(0x0000003c73400000,0x0000003c73500000)]
  0x00000167f4b06d00 JavaThread "Execution worker for ':' Thread 5" [_thread_blocked, id=16052, stack(0x0000003c73500000,0x0000003c73600000)]
  0x00000167f4b0c200 JavaThread "Execution worker for ':' Thread 6" [_thread_blocked, id=2644, stack(0x0000003c73600000,0x0000003c73700000)]
  0x00000167f4b0cca0 JavaThread "Execution worker for ':' Thread 7" [_thread_blocked, id=1832, stack(0x0000003c73700000,0x0000003c73800000)]
  0x00000167f4b08240 JavaThread "Cache worker for execution history cache (D:\KFD_labs\Coffee Machine\.gradle\7.1.1\executionHistory)" [_thread_blocked, id=8548, stack(0x0000003c73800000,0x0000003c73900000)]
  0x00000167f4b09cd0 JavaThread "Unconstrained build operations Thread 33" [_thread_blocked, id=18296, stack(0x0000003c73900000,0x0000003c73a00000)]
  0x00000167f4b0b760 JavaThread "Unconstrained build operations Thread 34" [_thread_blocked, id=16724, stack(0x0000003c73a00000,0x0000003c73b00000)]
  0x00000167f4b07250 JavaThread "Unconstrained build operations Thread 35" [_thread_blocked, id=17636, stack(0x0000003c73b00000,0x0000003c73c00000)]
  0x00000167f4b0a220 JavaThread "Unconstrained build operations Thread 36" [_thread_blocked, id=17928, stack(0x0000003c73c00000,0x0000003c73d00000)]
  0x00000167f4b08790 JavaThread "Unconstrained build operations Thread 37" [_thread_blocked, id=16352, stack(0x0000003c73d00000,0x0000003c73e00000)]
  0x00000167f4b057c0 JavaThread "Unconstrained build operations Thread 38" [_thread_blocked, id=14668, stack(0x0000003c73e00000,0x0000003c73f00000)]
  0x00000167f4b05270 JavaThread "Unconstrained build operations Thread 39" [_thread_blocked, id=13940, stack(0x0000003c73f00000,0x0000003c74000000)]
  0x00000167f4b08ce0 Thread [stack: 0x0000003c6f500000,0x0000003c6f600000] [id=1012]

Other Threads:
  0x00000167ee7f2180 VMThread "VM Thread" [stack: 0x0000003c6d500000,0x0000003c6d600000] [id=17856]
  0x00000167ef510a40 WatcherThread [stack: 0x0000003c6e100000,0x0000003c6e200000] [id=13840]
  0x00000167d4065520 GCTaskThread "GC Thread#0" [stack: 0x0000003c6d000000,0x0000003c6d100000] [id=2288]
  0x00000167f014f660 GCTaskThread "GC Thread#1" [stack: 0x0000003c6e400000,0x0000003c6e500000] [id=2440]
  0x00000167efbd2a40 GCTaskThread "GC Thread#2" [stack: 0x0000003c6e500000,0x0000003c6e600000] [id=16172]
  0x00000167f0211880 GCTaskThread "GC Thread#3" [stack: 0x0000003c6e600000,0x0000003c6e700000] [id=10256]
  0x00000167f04a5ae0 GCTaskThread "GC Thread#4" [stack: 0x0000003c6e700000,0x0000003c6e800000] [id=13656]
  0x00000167efe39970 GCTaskThread "GC Thread#5" [stack: 0x0000003c6e800000,0x0000003c6e900000] [id=8460]
  0x00000167f172b910 GCTaskThread "GC Thread#6" [stack: 0x0000003c6fd00000,0x0000003c6fe00000] [id=12512]
  0x00000167f172a6b0 GCTaskThread "GC Thread#7" [stack: 0x0000003c6fe00000,0x0000003c6ff00000] [id=15668]
  0x00000167d406bc30 ConcurrentGCThread "G1 Main Marker" [stack: 0x0000003c6d100000,0x0000003c6d200000] [id=1956]
  0x00000167d406dc00 ConcurrentGCThread "G1 Conc#0" [stack: 0x0000003c6d200000,0x0000003c6d300000] [id=14340]
  0x00000167f172bc20 ConcurrentGCThread "G1 Conc#1" [stack: 0x0000003c6ff00000,0x0000003c70000000] [id=19416]
  0x00000167d411e3a0 ConcurrentGCThread "G1 Refine#0" [stack: 0x0000003c6d300000,0x0000003c6d400000] [id=4832]
  0x00000167f1e4f330 ConcurrentGCThread "G1 Refine#1" [stack: 0x0000003c72c00000,0x0000003c72d00000] [id=11080]
  0x00000167f01d9490 ConcurrentGCThread "G1 Refine#2" [stack: 0x0000003c72d00000,0x0000003c72e00000] [id=20376]
  0x00000167f2b3fca0 ConcurrentGCThread "G1 Refine#3" [stack: 0x0000003c72e00000,0x0000003c72f00000] [id=4956]
  0x00000167f03e84e0 ConcurrentGCThread "G1 Refine#4" [stack: 0x0000003c72f00000,0x0000003c73000000] [id=18964]
  0x00000167f2cc8120 ConcurrentGCThread "G1 Refine#5" [stack: 0x0000003c73000000,0x0000003c73100000] [id=9224]
  0x00000167d411ebd0 ConcurrentGCThread "G1 Service" [stack: 0x0000003c6d400000,0x0000003c6d500000] [id=14940]

Threads with active compile tasks:
C2 CompilerThread1    11792 8062 %     4       org.gradle.internal.instantiation.generator.AbstractClassGenerator::inspectType @ 107 (560 bytes)

VM state: not at safepoint (normal execution)

VM Mutex/Monitor currently owned by a thread: None

Heap address: 0x00000000e0000000, size: 512 MB, Compressed Oops mode: 32-bit

CDS archive(s) mapped at: [0x0000000800000000-0x0000000800bb0000-0x0000000800bb0000), size 12255232, SharedBaseAddress: 0x0000000800000000, ArchiveRelocationMode: 0.
Compressed class space mapped at: 0x0000000800c00000-0x000000080dc00000, reserved size: 218103808
Narrow klass base: 0x0000000800000000, Narrow klass shift: 3, Narrow klass range: 0x100000000

GC Precious Log:
 CPUs: 8 total, 8 available
 Memory: 16268M
 Large Page Support: Disabled
 NUMA Support: Disabled
 Compressed Oops: Enabled (32-bit)
 Heap Region Size: 1M
 Heap Min Capacity: 256M
 Heap Initial Capacity: 256M
 Heap Max Capacity: 512M
 Pre-touch: Disabled
 Parallel Workers: 8
 Concurrent Workers: 2
 Concurrent Refinement Workers: 8
 Periodic GC: Disabled

Heap:
 garbage-first heap   total 262144K, used 166533K [0x00000000e0000000, 0x0000000100000000)
  region size 1024K, 137 young (140288K), 20 survivors (20480K)
 Metaspace       used 56830K, committed 57536K, reserved 270336K
  class space    used 7692K, committed 8064K, reserved 212992K

Heap Regions: E=young(eden), S=young(survivor), O=old, HS=humongous(starts), HC=humongous(continues), CS=collection set, F=free, OA=open archive, CA=closed archive, TAMS=top-at-mark-start (previous, next)
|   0|0x00000000e0000000, 0x00000000e0100000, 0x00000000e0100000|100%|HS|  |TAMS 0x00000000e0000000, 0x00000000e0000000| Complete 
|   1|0x00000000e0100000, 0x00000000e0200000, 0x00000000e0200000|100%| O|  |TAMS 0x00000000e0200000, 0x00000000e0100000| Untracked 
|   2|0x00000000e0200000, 0x00000000e0300000, 0x00000000e0300000|100%| O|  |TAMS 0x00000000e0300000, 0x00000000e0200000| Untracked 
|   3|0x00000000e0300000, 0x00000000e0400000, 0x00000000e0400000|100%|HS|  |TAMS 0x00000000e0400000, 0x00000000e0300000| Complete 
|   4|0x00000000e0400000, 0x00000000e0500000, 0x00000000e0500000|100%|HC|  |TAMS 0x00000000e0500000, 0x00000000e0400000| Complete 
|   5|0x00000000e0500000, 0x00000000e0600000, 0x00000000e0600000|100%|HC|  |TAMS 0x00000000e0600000, 0x00000000e0500000| Complete 
|   6|0x00000000e0600000, 0x00000000e0700000, 0x00000000e0700000|100%| O|  |TAMS 0x00000000e0700000, 0x00000000e0600000| Untracked 
|   7|0x00000000e0700000, 0x00000000e0800000, 0x00000000e0800000|100%| O|  |TAMS 0x00000000e0800000, 0x00000000e0700000| Untracked 
|   8|0x00000000e0800000, 0x00000000e0900000, 0x00000000e0900000|100%| O|  |TAMS 0x00000000e0900000, 0x00000000e0800000| Untracked 
|   9|0x00000000e0900000, 0x00000000e0a00000, 0x00000000e0a00000|100%| O|  |TAMS 0x00000000e0a00000, 0x00000000e0900000| Untracked 
|  10|0x00000000e0a00000, 0x00000000e0b00000, 0x00000000e0b00000|100%| O|  |TAMS 0x00000000e0a12c00, 0x00000000e0a00000| Untracked 
|  11|0x00000000e0b00000, 0x00000000e0c00000, 0x00000000e0c00000|100%|HS|  |TAMS 0x00000000e0b00000, 0x00000000e0b00000| Complete 
|  12|0x00000000e0c00000, 0x00000000e0d00000, 0x00000000e0d00000|100%|HC|  |TAMS 0x00000000e0c00000, 0x00000000e0c00000| Complete 
|  13|0x00000000e0d00000, 0x00000000e0e00000, 0x00000000e0e00000|100%|HC|  |TAMS 0x00000000e0d00000, 0x00000000e0d00000| Complete 
|  14|0x00000000e0e00000, 0x00000000e0f00000, 0x00000000e0f00000|100%| O|  |TAMS 0x00000000e0e00000, 0x00000000e0e00000| Untracked 
|  15|0x00000000e0f00000, 0x00000000e1000000, 0x00000000e1000000|100%| O|  |TAMS 0x00000000e0f00000, 0x00000000e0f00000| Untracked 
|  16|0x00000000e1000000, 0x00000000e1100000, 0x00000000e1100000|100%| O|  |TAMS 0x00000000e1000000, 0x00000000e1000000| Untracked 
|  17|0x00000000e1100000, 0x00000000e1200000, 0x00000000e1200000|100%| O|  |TAMS 0x00000000e1100000, 0x00000000e1100000| Untracked 
|  18|0x00000000e1200000, 0x00000000e1300000, 0x00000000e1300000|100%| O|  |TAMS 0x00000000e1200000, 0x00000000e1200000| Untracked 
|  19|0x00000000e1300000, 0x00000000e1400000, 0x00000000e1400000|100%| O|  |TAMS 0x00000000e1300000, 0x00000000e1300000| Untracked 
|  20|0x00000000e1400000, 0x00000000e1500000, 0x00000000e1500000|100%| O|  |TAMS 0x00000000e1400000, 0x00000000e1400000| Untracked 
|  21|0x00000000e1500000, 0x00000000e1600000, 0x00000000e1600000|100%| O|  |TAMS 0x00000000e1500000, 0x00000000e1500000| Untracked 
|  22|0x00000000e1600000, 0x00000000e1700000, 0x00000000e1700000|100%| O|  |TAMS 0x00000000e1600000, 0x00000000e1600000| Untracked 
|  23|0x00000000e1700000, 0x00000000e1800000, 0x00000000e1800000|100%| O|  |TAMS 0x00000000e1700000, 0x00000000e1700000| Untracked 
|  24|0x00000000e1800000, 0x00000000e1900000, 0x00000000e1900000|100%| O|  |TAMS 0x00000000e1800000, 0x00000000e1800000| Untracked 
|  25|0x00000000e1900000, 0x00000000e1a00000, 0x00000000e1a00000|100%| O|  |TAMS 0x00000000e1900000, 0x00000000e1900000| Untracked 
|  26|0x00000000e1a00000, 0x00000000e1aa1400, 0x00000000e1b00000| 62%| O|  |TAMS 0x00000000e1a00000, 0x00000000e1a00000| Untracked 
|  27|0x00000000e1b00000, 0x00000000e1b00000, 0x00000000e1c00000|  0%| F|  |TAMS 0x00000000e1b00000, 0x00000000e1b00000| Untracked 
|  28|0x00000000e1c00000, 0x00000000e1c00000, 0x00000000e1d00000|  0%| F|  |TAMS 0x00000000e1c00000, 0x00000000e1c00000| Untracked 
|  29|0x00000000e1d00000, 0x00000000e1d00000, 0x00000000e1e00000|  0%| F|  |TAMS 0x00000000e1d00000, 0x00000000e1d00000| Untracked 
|  30|0x00000000e1e00000, 0x00000000e1e00000, 0x00000000e1f00000|  0%| F|  |TAMS 0x00000000e1e00000, 0x00000000e1e00000| Untracked 
|  31|0x00000000e1f00000, 0x00000000e1f00000, 0x00000000e2000000|  0%| F|  |TAMS 0x00000000e1f00000, 0x00000000e1f00000| Untracked 
|  32|0x00000000e2000000, 0x00000000e2000000, 0x00000000e2100000|  0%| F|  |TAMS 0x00000000e2000000, 0x00000000e2000000| Untracked 
|  33|0x00000000e2100000, 0x00000000e2100000, 0x00000000e2200000|  0%| F|  |TAMS 0x00000000e2100000, 0x00000000e2100000| Untracked 
|  34|0x00000000e2200000, 0x00000000e2200000, 0x00000000e2300000|  0%| F|  |TAMS 0x00000000e2200000, 0x00000000e2200000| Untracked 
|  35|0x00000000e2300000, 0x00000000e2300000, 0x00000000e2400000|  0%| F|  |TAMS 0x00000000e2300000, 0x00000000e2300000| Untracked 
|  36|0x00000000e2400000, 0x00000000e2400000, 0x00000000e2500000|  0%| F|  |TAMS 0x00000000e2400000, 0x00000000e2400000| Untracked 
|  37|0x00000000e2500000, 0x00000000e2500000, 0x00000000e2600000|  0%| F|  |TAMS 0x00000000e2500000, 0x00000000e2500000| Untracked 
|  38|0x00000000e2600000, 0x00000000e2600000, 0x00000000e2700000|  0%| F|  |TAMS 0x00000000e2600000, 0x00000000e2600000| Untracked 
|  39|0x00000000e2700000, 0x00000000e2700000, 0x00000000e2800000|  0%| F|  |TAMS 0x00000000e2700000, 0x00000000e2700000| Untracked 
|  40|0x00000000e2800000, 0x00000000e2800000, 0x00000000e2900000|  0%| F|  |TAMS 0x00000000e2800000, 0x00000000e2800000| Untracked 
|  41|0x00000000e2900000, 0x00000000e2900000, 0x00000000e2a00000|  0%| F|  |TAMS 0x00000000e2900000, 0x00000000e2900000| Untracked 
|  42|0x00000000e2a00000, 0x00000000e2a00000, 0x00000000e2b00000|  0%| F|  |TAMS 0x00000000e2a00000, 0x00000000e2a00000| Untracked 
|  43|0x00000000e2b00000, 0x00000000e2b00000, 0x00000000e2c00000|  0%| F|  |TAMS 0x00000000e2b00000, 0x00000000e2b00000| Untracked 
|  44|0x00000000e2c00000, 0x00000000e2c00000, 0x00000000e2d00000|  0%| F|  |TAMS 0x00000000e2c00000, 0x00000000e2c00000| Untracked 
|  45|0x00000000e2d00000, 0x00000000e2d00000, 0x00000000e2e00000|  0%| F|  |TAMS 0x00000000e2d00000, 0x00000000e2d00000| Untracked 
|  46|0x00000000e2e00000, 0x00000000e2e00000, 0x00000000e2f00000|  0%| F|  |TAMS 0x00000000e2e00000, 0x00000000e2e00000| Untracked 
|  47|0x00000000e2f00000, 0x00000000e2f00000, 0x00000000e3000000|  0%| F|  |TAMS 0x00000000e2f00000, 0x00000000e2f00000| Untracked 
|  48|0x00000000e3000000, 0x00000000e3000000, 0x00000000e3100000|  0%| F|  |TAMS 0x00000000e3000000, 0x00000000e3000000| Untracked 
|  49|0x00000000e3100000, 0x00000000e3100000, 0x00000000e3200000|  0%| F|  |TAMS 0x00000000e3100000, 0x00000000e3100000| Untracked 
|  50|0x00000000e3200000, 0x00000000e3200000, 0x00000000e3300000|  0%| F|  |TAMS 0x00000000e3200000, 0x00000000e3200000| Untracked 
|  51|0x00000000e3300000, 0x00000000e3300000, 0x00000000e3400000|  0%| F|  |TAMS 0x00000000e3300000, 0x00000000e3300000| Untracked 
|  52|0x00000000e3400000, 0x00000000e3400000, 0x00000000e3500000|  0%| F|  |TAMS 0x00000000e3400000, 0x00000000e3400000| Untracked 
|  53|0x00000000e3500000, 0x00000000e3500000, 0x00000000e3600000|  0%| F|  |TAMS 0x00000000e3500000, 0x00000000e3500000| Untracked 
|  54|0x00000000e3600000, 0x00000000e3600000, 0x00000000e3700000|  0%| F|  |TAMS 0x00000000e3600000, 0x00000000e3600000| Untracked 
|  55|0x00000000e3700000, 0x00000000e3700000, 0x00000000e3800000|  0%| F|  |TAMS 0x00000000e3700000, 0x00000000e3700000| Untracked 
|  56|0x00000000e3800000, 0x00000000e3800000, 0x00000000e3900000|  0%| F|  |TAMS 0x00000000e3800000, 0x00000000e3800000| Untracked 
|  57|0x00000000e3900000, 0x00000000e3900000, 0x00000000e3a00000|  0%| F|  |TAMS 0x00000000e3900000, 0x00000000e3900000| Untracked 
|  58|0x00000000e3a00000, 0x00000000e3a00000, 0x00000000e3b00000|  0%| F|  |TAMS 0x00000000e3a00000, 0x00000000e3a00000| Untracked 
|  59|0x00000000e3b00000, 0x00000000e3b00000, 0x00000000e3c00000|  0%| F|  |TAMS 0x00000000e3b00000, 0x00000000e3b00000| Untracked 
|  60|0x00000000e3c00000, 0x00000000e3c00000, 0x00000000e3d00000|  0%| F|  |TAMS 0x00000000e3c00000, 0x00000000e3c00000| Untracked 
|  61|0x00000000e3d00000, 0x00000000e3d00000, 0x00000000e3e00000|  0%| F|  |TAMS 0x00000000e3d00000, 0x00000000e3d00000| Untracked 
|  62|0x00000000e3e00000, 0x00000000e3e00000, 0x00000000e3f00000|  0%| F|  |TAMS 0x00000000e3e00000, 0x00000000e3e00000| Untracked 
|  63|0x00000000e3f00000, 0x00000000e3f00000, 0x00000000e4000000|  0%| F|  |TAMS 0x00000000e3f00000, 0x00000000e3f00000| Untracked 
|  64|0x00000000e4000000, 0x00000000e4000000, 0x00000000e4100000|  0%| F|  |TAMS 0x00000000e4000000, 0x00000000e4000000| Untracked 
|  65|0x00000000e4100000, 0x00000000e4100000, 0x00000000e4200000|  0%| F|  |TAMS 0x00000000e4100000, 0x00000000e4100000| Untracked 
|  66|0x00000000e4200000, 0x00000000e4200000, 0x00000000e4300000|  0%| F|  |TAMS 0x00000000e4200000, 0x00000000e4200000| Untracked 
|  67|0x00000000e4300000, 0x00000000e4300000, 0x00000000e4400000|  0%| F|  |TAMS 0x00000000e4300000, 0x00000000e4300000| Untracked 
|  68|0x00000000e4400000, 0x00000000e4400000, 0x00000000e4500000|  0%| F|  |TAMS 0x00000000e4400000, 0x00000000e4400000| Untracked 
|  69|0x00000000e4500000, 0x00000000e4500000, 0x00000000e4600000|  0%| F|  |TAMS 0x00000000e4500000, 0x00000000e4500000| Untracked 
|  70|0x00000000e4600000, 0x00000000e4600000, 0x00000000e4700000|  0%| F|  |TAMS 0x00000000e4600000, 0x00000000e4600000| Untracked 
|  71|0x00000000e4700000, 0x00000000e4700000, 0x00000000e4800000|  0%| F|  |TAMS 0x00000000e4700000, 0x00000000e4700000| Untracked 
|  72|0x00000000e4800000, 0x00000000e4800000, 0x00000000e4900000|  0%| F|  |TAMS 0x00000000e4800000, 0x00000000e4800000| Untracked 
|  73|0x00000000e4900000, 0x00000000e4900000, 0x00000000e4a00000|  0%| F|  |TAMS 0x00000000e4900000, 0x00000000e4900000| Untracked 
|  74|0x00000000e4a00000, 0x00000000e4a00000, 0x00000000e4b00000|  0%| F|  |TAMS 0x00000000e4a00000, 0x00000000e4a00000| Untracked 
|  75|0x00000000e4b00000, 0x00000000e4b00000, 0x00000000e4c00000|  0%| F|  |TAMS 0x00000000e4b00000, 0x00000000e4b00000| Untracked 
|  76|0x00000000e4c00000, 0x00000000e4c00000, 0x00000000e4d00000|  0%| F|  |TAMS 0x00000000e4c00000, 0x00000000e4c00000| Untracked 
|  77|0x00000000e4d00000, 0x00000000e4d00000, 0x00000000e4e00000|  0%| F|  |TAMS 0x00000000e4d00000, 0x00000000e4d00000| Untracked 
|  78|0x00000000e4e00000, 0x00000000e4e00000, 0x00000000e4f00000|  0%| F|  |TAMS 0x00000000e4e00000, 0x00000000e4e00000| Untracked 
|  79|0x00000000e4f00000, 0x00000000e4f00000, 0x00000000e5000000|  0%| F|  |TAMS 0x00000000e4f00000, 0x00000000e4f00000| Untracked 
|  80|0x00000000e5000000, 0x00000000e5000000, 0x00000000e5100000|  0%| F|  |TAMS 0x00000000e5000000, 0x00000000e5000000| Untracked 
|  81|0x00000000e5100000, 0x00000000e5100000, 0x00000000e5200000|  0%| F|  |TAMS 0x00000000e5100000, 0x00000000e5100000| Untracked 
|  82|0x00000000e5200000, 0x00000000e5200000, 0x00000000e5300000|  0%| F|  |TAMS 0x00000000e5200000, 0x00000000e5200000| Untracked 
|  83|0x00000000e5300000, 0x00000000e5400000, 0x00000000e5400000|100%| S|CS|TAMS 0x00000000e5300000, 0x00000000e5300000| Complete 
|  84|0x00000000e5400000, 0x00000000e5500000, 0x00000000e5500000|100%| S|CS|TAMS 0x00000000e5400000, 0x00000000e5400000| Complete 
|  85|0x00000000e5500000, 0x00000000e5600000, 0x00000000e5600000|100%| S|CS|TAMS 0x00000000e5500000, 0x00000000e5500000| Complete 
|  86|0x00000000e5600000, 0x00000000e5700000, 0x00000000e5700000|100%| S|CS|TAMS 0x00000000e5600000, 0x00000000e5600000| Complete 
|  87|0x00000000e5700000, 0x00000000e5800000, 0x00000000e5800000|100%| S|CS|TAMS 0x00000000e5700000, 0x00000000e5700000| Complete 
|  88|0x00000000e5800000, 0x00000000e5900000, 0x00000000e5900000|100%| S|CS|TAMS 0x00000000e5800000, 0x00000000e5800000| Complete 
|  89|0x00000000e5900000, 0x00000000e5a00000, 0x00000000e5a00000|100%| S|CS|TAMS 0x00000000e5900000, 0x00000000e5900000| Complete 
|  90|0x00000000e5a00000, 0x00000000e5b00000, 0x00000000e5b00000|100%| S|CS|TAMS 0x00000000e5a00000, 0x00000000e5a00000| Complete 
|  91|0x00000000e5b00000, 0x00000000e5c00000, 0x00000000e5c00000|100%| S|CS|TAMS 0x00000000e5b00000, 0x00000000e5b00000| Complete 
|  92|0x00000000e5c00000, 0x00000000e5d00000, 0x00000000e5d00000|100%| S|CS|TAMS 0x00000000e5c00000, 0x00000000e5c00000| Complete 
|  93|0x00000000e5d00000, 0x00000000e5e00000, 0x00000000e5e00000|100%| S|CS|TAMS 0x00000000e5d00000, 0x00000000e5d00000| Complete 
|  94|0x00000000e5e00000, 0x00000000e5f00000, 0x00000000e5f00000|100%| S|CS|TAMS 0x00000000e5e00000, 0x00000000e5e00000| Complete 
|  95|0x00000000e5f00000, 0x00000000e6000000, 0x00000000e6000000|100%| S|CS|TAMS 0x00000000e5f00000, 0x00000000e5f00000| Complete 
|  96|0x00000000e6000000, 0x00000000e6100000, 0x00000000e6100000|100%| S|CS|TAMS 0x00000000e6000000, 0x00000000e6000000| Complete 
|  97|0x00000000e6100000, 0x00000000e6200000, 0x00000000e6200000|100%| S|CS|TAMS 0x00000000e6100000, 0x00000000e6100000| Complete 
|  98|0x00000000e6200000, 0x00000000e6300000, 0x00000000e6300000|100%| S|CS|TAMS 0x00000000e6200000, 0x00000000e6200000| Complete 
|  99|0x00000000e6300000, 0x00000000e6400000, 0x00000000e6400000|100%| S|CS|TAMS 0x00000000e6300000, 0x00000000e6300000| Complete 
| 100|0x00000000e6400000, 0x00000000e6500000, 0x00000000e6500000|100%| S|CS|TAMS 0x00000000e6400000, 0x00000000e6400000| Complete 
| 101|0x00000000e6500000, 0x00000000e6600000, 0x00000000e6600000|100%| S|CS|TAMS 0x00000000e6500000, 0x00000000e6500000| Complete 
| 102|0x00000000e6600000, 0x00000000e6700000, 0x00000000e6700000|100%| S|CS|TAMS 0x00000000e6600000, 0x00000000e6600000| Complete 
| 103|0x00000000e6700000, 0x00000000e6700000, 0x00000000e6800000|  0%| F|  |TAMS 0x00000000e6700000, 0x00000000e6700000| Untracked 
| 104|0x00000000e6800000, 0x00000000e6800000, 0x00000000e6900000|  0%| F|  |TAMS 0x00000000e6800000, 0x00000000e6800000| Untracked 
| 105|0x00000000e6900000, 0x00000000e6900000, 0x00000000e6a00000|  0%| F|  |TAMS 0x00000000e6900000, 0x00000000e6900000| Untracked 
| 106|0x00000000e6a00000, 0x00000000e6a00000, 0x00000000e6b00000|  0%| F|  |TAMS 0x00000000e6a00000, 0x00000000e6a00000| Untracked 
| 107|0x00000000e6b00000, 0x00000000e6b00000, 0x00000000e6c00000|  0%| F|  |TAMS 0x00000000e6b00000, 0x00000000e6b00000| Untracked 
| 108|0x00000000e6c00000, 0x00000000e6c00000, 0x00000000e6d00000|  0%| F|  |TAMS 0x00000000e6c00000, 0x00000000e6c00000| Untracked 
| 109|0x00000000e6d00000, 0x00000000e6d00000, 0x00000000e6e00000|  0%| F|  |TAMS 0x00000000e6d00000, 0x00000000e6d00000| Untracked 
| 110|0x00000000e6e00000, 0x00000000e6e00000, 0x00000000e6f00000|  0%| F|  |TAMS 0x00000000e6e00000, 0x00000000e6e00000| Untracked 
| 111|0x00000000e6f00000, 0x00000000e6f00000, 0x00000000e7000000|  0%| F|  |TAMS 0x00000000e6f00000, 0x00000000e6f00000| Untracked 
| 112|0x00000000e7000000, 0x00000000e7000000, 0x00000000e7100000|  0%| F|  |TAMS 0x00000000e7000000, 0x00000000e7000000| Untracked 
| 113|0x00000000e7100000, 0x00000000e7100000, 0x00000000e7200000|  0%| F|  |TAMS 0x00000000e7100000, 0x00000000e7100000| Untracked 
| 114|0x00000000e7200000, 0x00000000e7200000, 0x00000000e7300000|  0%| F|  |TAMS 0x00000000e7200000, 0x00000000e7200000| Untracked 
| 115|0x00000000e7300000, 0x00000000e7300000, 0x00000000e7400000|  0%| F|  |TAMS 0x00000000e7300000, 0x00000000e7300000| Untracked 
| 116|0x00000000e7400000, 0x00000000e7400000, 0x00000000e7500000|  0%| F|  |TAMS 0x00000000e7400000, 0x00000000e7400000| Untracked 
| 117|0x00000000e7500000, 0x00000000e7500000, 0x00000000e7600000|  0%| F|  |TAMS 0x00000000e7500000, 0x00000000e7500000| Untracked 
| 118|0x00000000e7600000, 0x00000000e7600000, 0x00000000e7700000|  0%| F|  |TAMS 0x00000000e7600000, 0x00000000e7600000| Untracked 
| 119|0x00000000e7700000, 0x00000000e7700000, 0x00000000e7800000|  0%| F|  |TAMS 0x00000000e7700000, 0x00000000e7700000| Untracked 
| 120|0x00000000e7800000, 0x00000000e7800000, 0x00000000e7900000|  0%| F|  |TAMS 0x00000000e7800000, 0x00000000e7800000| Untracked 
| 121|0x00000000e7900000, 0x00000000e7900000, 0x00000000e7a00000|  0%| F|  |TAMS 0x00000000e7900000, 0x00000000e7900000| Untracked 
| 122|0x00000000e7a00000, 0x00000000e7a00000, 0x00000000e7b00000|  0%| F|  |TAMS 0x00000000e7a00000, 0x00000000e7a00000| Untracked 
| 123|0x00000000e7b00000, 0x00000000e7b00000, 0x00000000e7c00000|  0%| F|  |TAMS 0x00000000e7b00000, 0x00000000e7b00000| Untracked 
| 124|0x00000000e7c00000, 0x00000000e7c00000, 0x00000000e7d00000|  0%| F|  |TAMS 0x00000000e7c00000, 0x00000000e7c00000| Untracked 
| 125|0x00000000e7d00000, 0x00000000e7d00000, 0x00000000e7e00000|  0%| F|  |TAMS 0x00000000e7d00000, 0x00000000e7d00000| Untracked 
| 126|0x00000000e7e00000, 0x00000000e7e00000, 0x00000000e7f00000|  0%| F|  |TAMS 0x00000000e7e00000, 0x00000000e7e00000| Untracked 
| 127|0x00000000e7f00000, 0x00000000e7f00000, 0x00000000e8000000|  0%| F|  |TAMS 0x00000000e7f00000, 0x00000000e7f00000| Untracked 
| 128|0x00000000e8000000, 0x00000000e8000000, 0x00000000e8100000|  0%| F|  |TAMS 0x00000000e8000000, 0x00000000e8000000| Untracked 
| 129|0x00000000e8100000, 0x00000000e8100000, 0x00000000e8200000|  0%| F|  |TAMS 0x00000000e8100000, 0x00000000e8100000| Untracked 
| 130|0x00000000e8200000, 0x00000000e8200000, 0x00000000e8300000|  0%| F|  |TAMS 0x00000000e8200000, 0x00000000e8200000| Untracked 
| 131|0x00000000e8300000, 0x00000000e8300000, 0x00000000e8400000|  0%| F|  |TAMS 0x00000000e8300000, 0x00000000e8300000| Untracked 
| 132|0x00000000e8400000, 0x00000000e8400000, 0x00000000e8500000|  0%| F|  |TAMS 0x00000000e8400000, 0x00000000e8400000| Untracked 
| 133|0x00000000e8500000, 0x00000000e8500000, 0x00000000e8600000|  0%| F|  |TAMS 0x00000000e8500000, 0x00000000e8500000| Untracked 
| 134|0x00000000e8600000, 0x00000000e8600000, 0x00000000e8700000|  0%| F|  |TAMS 0x00000000e8600000, 0x00000000e8600000| Untracked 
| 135|0x00000000e8700000, 0x00000000e8700000, 0x00000000e8800000|  0%| F|  |TAMS 0x00000000e8700000, 0x00000000e8700000| Untracked 
| 136|0x00000000e8800000, 0x00000000e8800000, 0x00000000e8900000|  0%| F|  |TAMS 0x00000000e8800000, 0x00000000e8800000| Untracked 
| 137|0x00000000e8900000, 0x00000000e8900000, 0x00000000e8a00000|  0%| F|  |TAMS 0x00000000e8900000, 0x00000000e8900000| Untracked 
| 138|0x00000000e8a00000, 0x00000000e8a1ee08, 0x00000000e8b00000| 12%| E|  |TAMS 0x00000000e8a00000, 0x00000000e8a00000| Complete 
| 139|0x00000000e8b00000, 0x00000000e8c00000, 0x00000000e8c00000|100%| E|CS|TAMS 0x00000000e8b00000, 0x00000000e8b00000| Complete 
| 140|0x00000000e8c00000, 0x00000000e8d00000, 0x00000000e8d00000|100%| E|CS|TAMS 0x00000000e8c00000, 0x00000000e8c00000| Complete 
| 141|0x00000000e8d00000, 0x00000000e8e00000, 0x00000000e8e00000|100%| E|CS|TAMS 0x00000000e8d00000, 0x00000000e8d00000| Complete 
| 142|0x00000000e8e00000, 0x00000000e8f00000, 0x00000000e8f00000|100%| E|CS|TAMS 0x00000000e8e00000, 0x00000000e8e00000| Complete 
| 143|0x00000000e8f00000, 0x00000000e9000000, 0x00000000e9000000|100%| E|CS|TAMS 0x00000000e8f00000, 0x00000000e8f00000| Complete 
| 144|0x00000000e9000000, 0x00000000e9100000, 0x00000000e9100000|100%| E|CS|TAMS 0x00000000e9000000, 0x00000000e9000000| Complete 
| 145|0x00000000e9100000, 0x00000000e9200000, 0x00000000e9200000|100%| E|CS|TAMS 0x00000000e9100000, 0x00000000e9100000| Complete 
| 146|0x00000000e9200000, 0x00000000e9300000, 0x00000000e9300000|100%| E|CS|TAMS 0x00000000e9200000, 0x00000000e9200000| Complete 
| 147|0x00000000e9300000, 0x00000000e9400000, 0x00000000e9400000|100%| E|CS|TAMS 0x00000000e9300000, 0x00000000e9300000| Complete 
| 148|0x00000000e9400000, 0x00000000e9500000, 0x00000000e9500000|100%| E|CS|TAMS 0x00000000e9400000, 0x00000000e9400000| Complete 
| 149|0x00000000e9500000, 0x00000000e9600000, 0x00000000e9600000|100%| E|CS|TAMS 0x00000000e9500000, 0x00000000e9500000| Complete 
| 150|0x00000000e9600000, 0x00000000e9700000, 0x00000000e9700000|100%| E|CS|TAMS 0x00000000e9600000, 0x00000000e9600000| Complete 
| 151|0x00000000e9700000, 0x00000000e9800000, 0x00000000e9800000|100%| E|CS|TAMS 0x00000000e9700000, 0x00000000e9700000| Complete 
| 152|0x00000000e9800000, 0x00000000e9900000, 0x00000000e9900000|100%| E|CS|TAMS 0x00000000e9800000, 0x00000000e9800000| Complete 
| 153|0x00000000e9900000, 0x00000000e9a00000, 0x00000000e9a00000|100%| E|CS|TAMS 0x00000000e9900000, 0x00000000e9900000| Complete 
| 154|0x00000000e9a00000, 0x00000000e9b00000, 0x00000000e9b00000|100%| E|CS|TAMS 0x00000000e9a00000, 0x00000000e9a00000| Complete 
| 155|0x00000000e9b00000, 0x00000000e9c00000, 0x00000000e9c00000|100%| E|CS|TAMS 0x00000000e9b00000, 0x00000000e9b00000| Complete 
| 156|0x00000000e9c00000, 0x00000000e9d00000, 0x00000000e9d00000|100%| E|CS|TAMS 0x00000000e9c00000, 0x00000000e9c00000| Complete 
| 157|0x00000000e9d00000, 0x00000000e9e00000, 0x00000000e9e00000|100%| E|CS|TAMS 0x00000000e9d00000, 0x00000000e9d00000| Complete 
| 158|0x00000000e9e00000, 0x00000000e9f00000, 0x00000000e9f00000|100%| E|CS|TAMS 0x00000000e9e00000, 0x00000000e9e00000| Complete 
| 159|0x00000000e9f00000, 0x00000000ea000000, 0x00000000ea000000|100%| E|CS|TAMS 0x00000000e9f00000, 0x00000000e9f00000| Complete 
| 160|0x00000000ea000000, 0x00000000ea100000, 0x00000000ea100000|100%| E|CS|TAMS 0x00000000ea000000, 0x00000000ea000000| Complete 
| 161|0x00000000ea100000, 0x00000000ea200000, 0x00000000ea200000|100%| E|CS|TAMS 0x00000000ea100000, 0x00000000ea100000| Complete 
| 162|0x00000000ea200000, 0x00000000ea300000, 0x00000000ea300000|100%| E|CS|TAMS 0x00000000ea200000, 0x00000000ea200000| Complete 
| 163|0x00000000ea300000, 0x00000000ea400000, 0x00000000ea400000|100%| E|CS|TAMS 0x00000000ea300000, 0x00000000ea300000| Complete 
| 164|0x00000000ea400000, 0x00000000ea500000, 0x00000000ea500000|100%| E|CS|TAMS 0x00000000ea400000, 0x00000000ea400000| Complete 
| 165|0x00000000ea500000, 0x00000000ea600000, 0x00000000ea600000|100%| E|CS|TAMS 0x00000000ea500000, 0x00000000ea500000| Complete 
| 166|0x00000000ea600000, 0x00000000ea700000, 0x00000000ea700000|100%| E|CS|TAMS 0x00000000ea600000, 0x00000000ea600000| Complete 
| 167|0x00000000ea700000, 0x00000000ea800000, 0x00000000ea800000|100%| E|CS|TAMS 0x00000000ea700000, 0x00000000ea700000| Complete 
| 168|0x00000000ea800000, 0x00000000ea900000, 0x00000000ea900000|100%| E|CS|TAMS 0x00000000ea800000, 0x00000000ea800000| Complete 
| 169|0x00000000ea900000, 0x00000000eaa00000, 0x00000000eaa00000|100%| E|CS|TAMS 0x00000000ea900000, 0x00000000ea900000| Complete 
| 170|0x00000000eaa00000, 0x00000000eab00000, 0x00000000eab00000|100%| E|CS|TAMS 0x00000000eaa00000, 0x00000000eaa00000| Complete 
| 171|0x00000000eab00000, 0x00000000eac00000, 0x00000000eac00000|100%| E|CS|TAMS 0x00000000eab00000, 0x00000000eab00000| Complete 
| 172|0x00000000eac00000, 0x00000000ead00000, 0x00000000ead00000|100%| E|CS|TAMS 0x00000000eac00000, 0x00000000eac00000| Complete 
| 173|0x00000000ead00000, 0x00000000eae00000, 0x00000000eae00000|100%| E|CS|TAMS 0x00000000ead00000, 0x00000000ead00000| Complete 
| 174|0x00000000eae00000, 0x00000000eaf00000, 0x00000000eaf00000|100%| E|CS|TAMS 0x00000000eae00000, 0x00000000eae00000| Complete 
| 175|0x00000000eaf00000, 0x00000000eb000000, 0x00000000eb000000|100%| E|CS|TAMS 0x00000000eaf00000, 0x00000000eaf00000| Complete 
| 176|0x00000000eb000000, 0x00000000eb100000, 0x00000000eb100000|100%| E|CS|TAMS 0x00000000eb000000, 0x00000000eb000000| Complete 
| 177|0x00000000eb100000, 0x00000000eb200000, 0x00000000eb200000|100%| E|CS|TAMS 0x00000000eb100000, 0x00000000eb100000| Complete 
| 178|0x00000000eb200000, 0x00000000eb300000, 0x00000000eb300000|100%| E|CS|TAMS 0x00000000eb200000, 0x00000000eb200000| Complete 
| 179|0x00000000eb300000, 0x00000000eb400000, 0x00000000eb400000|100%| E|CS|TAMS 0x00000000eb300000, 0x00000000eb300000| Complete 
| 180|0x00000000eb400000, 0x00000000eb500000, 0x00000000eb500000|100%| E|CS|TAMS 0x00000000eb400000, 0x00000000eb400000| Complete 
| 181|0x00000000eb500000, 0x00000000eb600000, 0x00000000eb600000|100%| E|CS|TAMS 0x00000000eb500000, 0x00000000eb500000| Complete 
| 182|0x00000000eb600000, 0x00000000eb700000, 0x00000000eb700000|100%| E|CS|TAMS 0x00000000eb600000, 0x00000000eb600000| Complete 
| 183|0x00000000eb700000, 0x00000000eb800000, 0x00000000eb800000|100%| E|CS|TAMS 0x00000000eb700000, 0x00000000eb700000| Complete 
| 184|0x00000000eb800000, 0x00000000eb900000, 0x00000000eb900000|100%| E|CS|TAMS 0x00000000eb800000, 0x00000000eb800000| Complete 
| 185|0x00000000eb900000, 0x00000000eba00000, 0x00000000eba00000|100%| E|CS|TAMS 0x00000000eb900000, 0x00000000eb900000| Complete 
| 186|0x00000000eba00000, 0x00000000ebb00000, 0x00000000ebb00000|100%| E|CS|TAMS 0x00000000eba00000, 0x00000000eba00000| Complete 
| 187|0x00000000ebb00000, 0x00000000ebc00000, 0x00000000ebc00000|100%| E|CS|TAMS 0x00000000ebb00000, 0x00000000ebb00000| Complete 
| 188|0x00000000ebc00000, 0x00000000ebd00000, 0x00000000ebd00000|100%| E|CS|TAMS 0x00000000ebc00000, 0x00000000ebc00000| Complete 
| 189|0x00000000ebd00000, 0x00000000ebe00000, 0x00000000ebe00000|100%| E|CS|TAMS 0x00000000ebd00000, 0x00000000ebd00000| Complete 
| 190|0x00000000ebe00000, 0x00000000ebf00000, 0x00000000ebf00000|100%| E|CS|TAMS 0x00000000ebe00000, 0x00000000ebe00000| Complete 
| 191|0x00000000ebf00000, 0x00000000ec000000, 0x00000000ec000000|100%| E|CS|TAMS 0x00000000ebf00000, 0x00000000ebf00000| Complete 
| 192|0x00000000ec000000, 0x00000000ec100000, 0x00000000ec100000|100%| E|CS|TAMS 0x00000000ec000000, 0x00000000ec000000| Complete 
| 193|0x00000000ec100000, 0x00000000ec200000, 0x00000000ec200000|100%| E|CS|TAMS 0x00000000ec100000, 0x00000000ec100000| Complete 
| 194|0x00000000ec200000, 0x00000000ec300000, 0x00000000ec300000|100%| E|CS|TAMS 0x00000000ec200000, 0x00000000ec200000| Complete 
| 195|0x00000000ec300000, 0x00000000ec400000, 0x00000000ec400000|100%| E|CS|TAMS 0x00000000ec300000, 0x00000000ec300000| Complete 
| 196|0x00000000ec400000, 0x00000000ec500000, 0x00000000ec500000|100%| E|CS|TAMS 0x00000000ec400000, 0x00000000ec400000| Complete 
| 197|0x00000000ec500000, 0x00000000ec600000, 0x00000000ec600000|100%| E|CS|TAMS 0x00000000ec500000, 0x00000000ec500000| Complete 
| 198|0x00000000ec600000, 0x00000000ec700000, 0x00000000ec700000|100%| E|CS|TAMS 0x00000000ec600000, 0x00000000ec600000| Complete 
| 199|0x00000000ec700000, 0x00000000ec800000, 0x00000000ec800000|100%| E|CS|TAMS 0x00000000ec700000, 0x00000000ec700000| Complete 
| 200|0x00000000ec800000, 0x00000000ec900000, 0x00000000ec900000|100%| E|CS|TAMS 0x00000000ec800000, 0x00000000ec800000| Complete 
| 201|0x00000000ec900000, 0x00000000eca00000, 0x00000000eca00000|100%| E|CS|TAMS 0x00000000ec900000, 0x00000000ec900000| Complete 
| 202|0x00000000eca00000, 0x00000000ecb00000, 0x00000000ecb00000|100%| E|CS|TAMS 0x00000000eca00000, 0x00000000eca00000| Complete 
| 203|0x00000000ecb00000, 0x00000000ecc00000, 0x00000000ecc00000|100%| E|CS|TAMS 0x00000000ecb00000, 0x00000000ecb00000| Complete 
| 204|0x00000000ecc00000, 0x00000000ecd00000, 0x00000000ecd00000|100%| E|CS|TAMS 0x00000000ecc00000, 0x00000000ecc00000| Complete 
| 205|0x00000000ecd00000, 0x00000000ece00000, 0x00000000ece00000|100%| E|CS|TAMS 0x00000000ecd00000, 0x00000000ecd00000| Complete 
| 206|0x00000000ece00000, 0x00000000ecf00000, 0x00000000ecf00000|100%| E|CS|TAMS 0x00000000ece00000, 0x00000000ece00000| Complete 
| 207|0x00000000ecf00000, 0x00000000ed000000, 0x00000000ed000000|100%| E|CS|TAMS 0x00000000ecf00000, 0x00000000ecf00000| Complete 
| 208|0x00000000ed000000, 0x00000000ed100000, 0x00000000ed100000|100%| E|CS|TAMS 0x00000000ed000000, 0x00000000ed000000| Complete 
| 209|0x00000000ed100000, 0x00000000ed200000, 0x00000000ed200000|100%| E|CS|TAMS 0x00000000ed100000, 0x00000000ed100000| Complete 
| 210|0x00000000ed200000, 0x00000000ed300000, 0x00000000ed300000|100%| E|CS|TAMS 0x00000000ed200000, 0x00000000ed200000| Complete 
| 211|0x00000000ed300000, 0x00000000ed400000, 0x00000000ed400000|100%| E|CS|TAMS 0x00000000ed300000, 0x00000000ed300000| Complete 
| 212|0x00000000ed400000, 0x00000000ed500000, 0x00000000ed500000|100%| E|CS|TAMS 0x00000000ed400000, 0x00000000ed400000| Complete 
| 213|0x00000000ed500000, 0x00000000ed600000, 0x00000000ed600000|100%| E|CS|TAMS 0x00000000ed500000, 0x00000000ed500000| Complete 
| 214|0x00000000ed600000, 0x00000000ed700000, 0x00000000ed700000|100%| E|CS|TAMS 0x00000000ed600000, 0x00000000ed600000| Complete 
| 215|0x00000000ed700000, 0x00000000ed800000, 0x00000000ed800000|100%| E|CS|TAMS 0x00000000ed700000, 0x00000000ed700000| Complete 
| 216|0x00000000ed800000, 0x00000000ed900000, 0x00000000ed900000|100%| E|CS|TAMS 0x00000000ed800000, 0x00000000ed800000| Complete 
| 217|0x00000000ed900000, 0x00000000eda00000, 0x00000000eda00000|100%| E|CS|TAMS 0x00000000ed900000, 0x00000000ed900000| Complete 
| 218|0x00000000eda00000, 0x00000000edb00000, 0x00000000edb00000|100%| E|CS|TAMS 0x00000000eda00000, 0x00000000eda00000| Complete 
| 219|0x00000000edb00000, 0x00000000edc00000, 0x00000000edc00000|100%| E|CS|TAMS 0x00000000edb00000, 0x00000000edb00000| Complete 
| 220|0x00000000edc00000, 0x00000000edd00000, 0x00000000edd00000|100%| E|CS|TAMS 0x00000000edc00000, 0x00000000edc00000| Complete 
| 221|0x00000000edd00000, 0x00000000ede00000, 0x00000000ede00000|100%| E|CS|TAMS 0x00000000edd00000, 0x00000000edd00000| Complete 
| 222|0x00000000ede00000, 0x00000000edf00000, 0x00000000edf00000|100%| E|CS|TAMS 0x00000000ede00000, 0x00000000ede00000| Complete 
| 223|0x00000000edf00000, 0x00000000ee000000, 0x00000000ee000000|100%| E|CS|TAMS 0x00000000edf00000, 0x00000000edf00000| Complete 
| 224|0x00000000ee000000, 0x00000000ee100000, 0x00000000ee100000|100%| E|CS|TAMS 0x00000000ee000000, 0x00000000ee000000| Complete 
| 225|0x00000000ee100000, 0x00000000ee200000, 0x00000000ee200000|100%| E|CS|TAMS 0x00000000ee100000, 0x00000000ee100000| Complete 
| 226|0x00000000ee200000, 0x00000000ee300000, 0x00000000ee300000|100%| E|CS|TAMS 0x00000000ee200000, 0x00000000ee200000| Complete 
| 227|0x00000000ee300000, 0x00000000ee400000, 0x00000000ee400000|100%| E|CS|TAMS 0x00000000ee300000, 0x00000000ee300000| Complete 
| 228|0x00000000ee400000, 0x00000000ee500000, 0x00000000ee500000|100%| E|CS|TAMS 0x00000000ee400000, 0x00000000ee400000| Complete 
| 229|0x00000000ee500000, 0x00000000ee600000, 0x00000000ee600000|100%| E|CS|TAMS 0x00000000ee500000, 0x00000000ee500000| Complete 
| 230|0x00000000ee600000, 0x00000000ee700000, 0x00000000ee700000|100%| E|CS|TAMS 0x00000000ee600000, 0x00000000ee600000| Complete 
| 231|0x00000000ee700000, 0x00000000ee800000, 0x00000000ee800000|100%| E|CS|TAMS 0x00000000ee700000, 0x00000000ee700000| Complete 
| 232|0x00000000ee800000, 0x00000000ee900000, 0x00000000ee900000|100%| E|CS|TAMS 0x00000000ee800000, 0x00000000ee800000| Complete 
| 233|0x00000000ee900000, 0x00000000eea00000, 0x00000000eea00000|100%| E|CS|TAMS 0x00000000ee900000, 0x00000000ee900000| Complete 
| 234|0x00000000eea00000, 0x00000000eeb00000, 0x00000000eeb00000|100%| E|CS|TAMS 0x00000000eea00000, 0x00000000eea00000| Complete 
| 235|0x00000000eeb00000, 0x00000000eec00000, 0x00000000eec00000|100%| E|CS|TAMS 0x00000000eeb00000, 0x00000000eeb00000| Complete 
| 236|0x00000000eec00000, 0x00000000eed00000, 0x00000000eed00000|100%| E|CS|TAMS 0x00000000eec00000, 0x00000000eec00000| Complete 
| 237|0x00000000eed00000, 0x00000000eee00000, 0x00000000eee00000|100%| E|CS|TAMS 0x00000000eed00000, 0x00000000eed00000| Complete 
| 238|0x00000000eee00000, 0x00000000eef00000, 0x00000000eef00000|100%| E|CS|TAMS 0x00000000eee00000, 0x00000000eee00000| Complete 
| 239|0x00000000eef00000, 0x00000000ef000000, 0x00000000ef000000|100%| E|CS|TAMS 0x00000000eef00000, 0x00000000eef00000| Complete 
| 240|0x00000000ef000000, 0x00000000ef100000, 0x00000000ef100000|100%| E|CS|TAMS 0x00000000ef000000, 0x00000000ef000000| Complete 
| 241|0x00000000ef100000, 0x00000000ef200000, 0x00000000ef200000|100%| E|CS|TAMS 0x00000000ef100000, 0x00000000ef100000| Complete 
| 242|0x00000000ef200000, 0x00000000ef300000, 0x00000000ef300000|100%| E|CS|TAMS 0x00000000ef200000, 0x00000000ef200000| Complete 
| 243|0x00000000ef300000, 0x00000000ef400000, 0x00000000ef400000|100%| E|CS|TAMS 0x00000000ef300000, 0x00000000ef300000| Complete 
| 244|0x00000000ef400000, 0x00000000ef500000, 0x00000000ef500000|100%| E|CS|TAMS 0x00000000ef400000, 0x00000000ef400000| Complete 
| 245|0x00000000ef500000, 0x00000000ef600000, 0x00000000ef600000|100%| E|CS|TAMS 0x00000000ef500000, 0x00000000ef500000| Complete 
| 246|0x00000000ef600000, 0x00000000ef700000, 0x00000000ef700000|100%| E|CS|TAMS 0x00000000ef600000, 0x00000000ef600000| Complete 
| 247|0x00000000ef700000, 0x00000000ef800000, 0x00000000ef800000|100%| E|CS|TAMS 0x00000000ef700000, 0x00000000ef700000| Complete 
| 248|0x00000000ef800000, 0x00000000ef900000, 0x00000000ef900000|100%| E|CS|TAMS 0x00000000ef800000, 0x00000000ef800000| Complete 
| 249|0x00000000ef900000, 0x00000000efa00000, 0x00000000efa00000|100%| E|CS|TAMS 0x00000000ef900000, 0x00000000ef900000| Complete 
| 250|0x00000000efa00000, 0x00000000efb00000, 0x00000000efb00000|100%| E|CS|TAMS 0x00000000efa00000, 0x00000000efa00000| Complete 
| 251|0x00000000efb00000, 0x00000000efc00000, 0x00000000efc00000|100%| E|CS|TAMS 0x00000000efb00000, 0x00000000efb00000| Complete 
| 252|0x00000000efc00000, 0x00000000efd00000, 0x00000000efd00000|100%| E|CS|TAMS 0x00000000efc00000, 0x00000000efc00000| Complete 
| 253|0x00000000efd00000, 0x00000000efe00000, 0x00000000efe00000|100%| E|CS|TAMS 0x00000000efd00000, 0x00000000efd00000| Complete 
| 254|0x00000000efe00000, 0x00000000eff00000, 0x00000000eff00000|100%| E|CS|TAMS 0x00000000efe00000, 0x00000000efe00000| Complete 
| 255|0x00000000eff00000, 0x00000000f0000000, 0x00000000f0000000|100%| E|CS|TAMS 0x00000000eff00000, 0x00000000eff00000| Complete 

Card table byte_map: [0x00000167eabf0000,0x00000167eacf0000] _byte_map_base: 0x00000167ea4f0000

Marking Bits (Prev, Next): (CMBitMap*) 0x00000167d40669d0, (CMBitMap*) 0x00000167d4066a10
 Prev Bits: [0x00000167eadf0000, 0x00000167eb5f0000)
 Next Bits: [0x00000167eb5f0000, 0x00000167ebdf0000)

Polling page: 0x00000167d2000000

Metaspace:

Usage:
  Non-class:     47.99 MB used.
      Class:      7.51 MB used.
       Both:     55.51 MB used.

Virtual space:
  Non-class space:       56.00 MB reserved,      48.31 MB ( 86%) committed,  7 nodes.
      Class space:      208.00 MB reserved,       7.88 MB (  4%) committed,  1 nodes.
              Both:      264.00 MB reserved,      56.19 MB ( 21%) committed. 

Chunk freelists:
   Non-Class:  2.75 MB
       Class:  176.00 KB
        Both:  2.92 MB

MaxMetaspaceSize: 256.00 MB
CompressedClassSpaceSize: 208.00 MB
 - commit_granule_bytes: 65536.
 - commit_granule_words: 8192.
 - virtual_space_node_default_size: 1048576.
 - enlarge_chunks_in_place: 1.
 - new_chunks_are_fully_committed: 0.
 - uncommit_free_chunks: 1.
 - use_allocation_guard: 0.
 - handle_deallocations: 1.


Internal statistics:

num_allocs_failed_limit: 6.
num_arena_births: 898.
num_arena_deaths: 0.
num_vsnodes_births: 8.
num_vsnodes_deaths: 0.
num_space_committed: 899.
num_space_uncommitted: 0.
num_chunks_returned_to_freelist: 6.
num_chunks_taken_from_freelist: 3284.
num_chunk_merges: 6.
num_chunk_splits: 2106.
num_chunks_enlarged: 1231.
num_purges: 0.

CodeHeap 'non-profiled nmethods': size=120000Kb used=4246Kb max_used=4246Kb free=115754Kb
 bounds [0x00000167e3290000, 0x00000167e36c0000, 0x00000167ea7c0000]
CodeHeap 'profiled nmethods': size=120000Kb used=14301Kb max_used=14301Kb free=105698Kb
 bounds [0x00000167dbd60000, 0x00000167dcb60000, 0x00000167e3290000]
CodeHeap 'non-nmethods': size=5760Kb used=2365Kb max_used=2497Kb free=3394Kb
 bounds [0x00000167db7c0000, 0x00000167dba50000, 0x00000167dbd60000]
 total_blobs=8149 nmethods=7264 adapters=797
 compilation: enabled
              stopped_count=0, restarted_count=0
 full_count=0

Compilation events (20 events):
Event: 11.373 Thread 0x00000167ee84bfa0 nmethod 8067 0x00000167dcb48b90 code [0x00000167dcb48dc0, 0x00000167dcb49798]
Event: 11.373 Thread 0x00000167ee84bfa0 8068       3       com.google.common.base.Suppliers$NonSerializableMemoizingSupplier::<init> (16 bytes)
Event: 11.373 Thread 0x00000167ee84bfa0 nmethod 8068 0x00000167dcb49990 code [0x00000167dcb49b60, 0x00000167dcb49fa8]
Event: 11.421 Thread 0x00000167f5df9dd0 nmethod 7836 0x00000167e3695610 code [0x00000167e3695ee0, 0x00000167e369cd90]
Event: 11.422 Thread 0x00000167f5df9dd0 8060       4       jdk.internal.org.objectweb.asm.ClassReader::readUtf (161 bytes)
Event: 11.431 Thread 0x00000167ee81a6f0 nmethod 7840 0x00000167e36a1290 code [0x00000167e36a1ba0, 0x00000167e36a8a28]
Event: 11.433 Thread 0x00000167ee81a6f0 8059 %     4       jdk.internal.org.objectweb.asm.ClassReader::<init> @ 110 (371 bytes)
Event: 11.437 Thread 0x00000167f5df9dd0 nmethod 8060 0x00000167e36ad190 code [0x00000167e36ad340, 0x00000167e36adaf8]
Event: 11.437 Thread 0x00000167f5df9dd0 8058       4       sun.invoke.util.VerifyAccess::isTypeVisible (118 bytes)
Event: 11.440 Thread 0x00000167ee84bfa0 8069       3       sun.nio.fs.WindowsPathParser::normalize (233 bytes)
Event: 11.443 Thread 0x00000167ee81a6f0 nmethod 8059% 0x00000167e36ade90 code [0x00000167e36ae020, 0x00000167e36ae6f8]
Event: 11.443 Thread 0x00000167ee84bfa0 nmethod 8069 0x00000167dcb4a110 code [0x00000167dcb4a6e0, 0x00000167dcb4d4a8]
Event: 11.444 Thread 0x00000167f5df9dd0 nmethod 8058 0x00000167e36ae990 code [0x00000167e36aeb60, 0x00000167e36aef08]
Event: 11.502 Thread 0x00000167ee84bfa0 8071       3       jdk.internal.org.objectweb.asm.AnnotationWriter::putAnnotations (110 bytes)
Event: 11.502 Thread 0x00000167ee84bfa0 nmethod 8071 0x00000167dcb4e610 code [0x00000167dcb4e820, 0x00000167dcb4ec28]
Event: 11.583 Thread 0x00000167ee84bfa0 8075       3       java.lang.invoke.DirectMethodHandle$Holder::invokeStatic (14 bytes)
Event: 11.583 Thread 0x00000167ee84bfa0 nmethod 8075 0x00000167dcb4ee90 code [0x00000167dcb4f060, 0x00000167dcb4f5b8]
Event: 11.583 Thread 0x00000167ee84bfa0 8076       3       java.lang.invoke.DirectMethodHandle$Holder::invokeStatic (17 bytes)
Event: 11.584 Thread 0x00000167ee84bfa0 nmethod 8076 0x00000167dcb4f710 code [0x00000167dcb4f8e0, 0x00000167dcb4fdb8]
Event: 11.592 Thread 0x00000167ee81a6f0 8077       4       sun.nio.cs.UTF_8$Decoder::decodeArrayLoop (691 bytes)

GC Heap History (10 events):
Event: 0.804 GC heap before
{Heap before GC invocations=0 (full 0):
 garbage-first heap   total 262144K, used 28672K [0x00000000e0000000, 0x0000000100000000)
  region size 1024K, 23 young (23552K), 0 survivors (0K)
 Metaspace       used 3172K, committed 3328K, reserved 221184K
  class space    used 390K, committed 448K, reserved 212992K
}
Event: 0.808 GC heap after
{Heap after GC invocations=1 (full 0):
 garbage-first heap   total 262144K, used 9259K [0x00000000e0000000, 0x0000000100000000)
  region size 1024K, 3 young (3072K), 3 survivors (3072K)
 Metaspace       used 3172K, committed 3328K, reserved 221184K
  class space    used 390K, committed 448K, reserved 212992K
}
Event: 1.289 GC heap before
{Heap before GC invocations=1 (full 0):
 garbage-first heap   total 262144K, used 36907K [0x00000000e0000000, 0x0000000100000000)
  region size 1024K, 29 young (29696K), 3 survivors (3072K)
 Metaspace       used 4080K, committed 4288K, reserved 221184K
  class space    used 484K, committed 576K, reserved 212992K
}
Event: 1.292 GC heap after
{Heap after GC invocations=2 (full 0):
 garbage-first heap   total 262144K, used 11564K [0x00000000e0000000, 0x0000000100000000)
  region size 1024K, 2 young (2048K), 2 survivors (2048K)
 Metaspace       used 4080K, committed 4288K, reserved 221184K
  class space    used 484K, committed 576K, reserved 212992K
}
Event: 4.730 GC heap before
{Heap before GC invocations=2 (full 0):
 garbage-first heap   total 262144K, used 123180K [0x00000000e0000000, 0x0000000100000000)
  region size 1024K, 113 young (115712K), 2 survivors (2048K)
 Metaspace       used 20957K, committed 21248K, reserved 237568K
  class space    used 3096K, committed 3264K, reserved 212992K
}
Event: 4.737 GC heap after
{Heap after GC invocations=3 (full 0):
 garbage-first heap   total 262144K, used 20511K [0x00000000e0000000, 0x0000000100000000)
  region size 1024K, 11 young (11264K), 11 survivors (11264K)
 Metaspace       used 20957K, committed 21248K, reserved 237568K
  class space    used 3096K, committed 3264K, reserved 212992K
}
Event: 6.866 GC heap before
{Heap before GC invocations=4 (full 0):
 garbage-first heap   total 262144K, used 139295K [0x00000000e0000000, 0x0000000100000000)
  region size 1024K, 125 young (128000K), 11 survivors (11264K)
 Metaspace       used 35224K, committed 35648K, reserved 245760K
  class space    used 4771K, committed 4992K, reserved 212992K
}
Event: 6.882 GC heap after
{Heap after GC invocations=5 (full 0):
 garbage-first heap   total 262144K, used 30683K [0x00000000e0000000, 0x0000000100000000)
  region size 1024K, 20 young (20480K), 20 survivors (20480K)
 Metaspace       used 35224K, committed 35648K, reserved 245760K
  class space    used 4771K, committed 4992K, reserved 212992K
}
Event: 9.157 GC heap before
{Heap before GC invocations=6 (full 0):
 garbage-first heap   total 262144K, used 170971K [0x00000000e0000000, 0x0000000100000000)
  region size 1024K, 153 young (156672K), 20 survivors (20480K)
 Metaspace       used 45973K, committed 46592K, reserved 253952K
  class space    used 6176K, committed 6464K, reserved 212992K
}
Event: 9.182 GC heap after
{Heap after GC invocations=7 (full 0):
 garbage-first heap   total 262144K, used 47749K [0x00000000e0000000, 0x0000000100000000)
  region size 1024K, 20 young (20480K), 20 survivors (20480K)
 Metaspace       used 45973K, committed 46592K, reserved 253952K
  class space    used 6176K, committed 6464K, reserved 212992K
}

Deoptimization events (20 events):
Event: 11.383 Thread 0x00000167f4b0bcb0 DEOPT PACKING pc=0x00000167e3300110 sp=0x0000003c734fa090
Event: 11.383 Thread 0x00000167f4b0bcb0 DEOPT UNPACKING pc=0x00000167db80d72e sp=0x0000003c734f9fb0 mode 2
Event: 11.509 Thread 0x00000167f4b05d10 Uncommon trap: trap_request=0xffffffde fr.pc=0x00000167e3505990 relative=0x0000000000000810
Event: 11.509 Thread 0x00000167f4b05d10 Uncommon trap: reason=class_check action=maybe_recompile pc=0x00000167e3505990 method=java.io.BufferedInputStream.read1([BII)I @ 39 c2
Event: 11.510 Thread 0x00000167f4b05d10 DEOPT PACKING pc=0x00000167e3505990 sp=0x0000003c740fed90
Event: 11.510 Thread 0x00000167f4b05d10 DEOPT UNPACKING pc=0x00000167db80d72e sp=0x0000003c740fecc8 mode 2
Event: 11.584 Thread 0x00000167f4b05d10 Uncommon trap: trap_request=0xffffffde fr.pc=0x00000167e3505990 relative=0x0000000000000810
Event: 11.584 Thread 0x00000167f4b05d10 Uncommon trap: reason=class_check action=maybe_recompile pc=0x00000167e3505990 method=java.io.BufferedInputStream.read1([BII)I @ 39 c2
Event: 11.584 Thread 0x00000167f4b05d10 DEOPT PACKING pc=0x00000167e3505990 sp=0x0000003c740fed90
Event: 11.584 Thread 0x00000167f4b05d10 DEOPT UNPACKING pc=0x00000167db80d72e sp=0x0000003c740fecc8 mode 2
Event: 11.592 Thread 0x00000167f4b05d10 DEOPT PACKING pc=0x00000167dbfa2c0f sp=0x0000003c740fec10
Event: 11.592 Thread 0x00000167f4b05d10 DEOPT UNPACKING pc=0x00000167db80dece sp=0x0000003c740fe178 mode 0
Event: 11.592 Thread 0x00000167f4b05d10 Uncommon trap: trap_request=0xffffffde fr.pc=0x00000167e3505990 relative=0x0000000000000810
Event: 11.592 Thread 0x00000167f4b05d10 Uncommon trap: reason=class_check action=maybe_recompile pc=0x00000167e3505990 method=java.io.BufferedInputStream.read1([BII)I @ 39 c2
Event: 11.592 Thread 0x00000167f4b05d10 DEOPT PACKING pc=0x00000167e3505990 sp=0x0000003c740fed90
Event: 11.593 Thread 0x00000167f4b05d10 DEOPT UNPACKING pc=0x00000167db80d72e sp=0x0000003c740fecc8 mode 2
Event: 11.593 Thread 0x00000167f4b05d10 Uncommon trap: trap_request=0xffffffde fr.pc=0x00000167e3505990 relative=0x0000000000000810
Event: 11.593 Thread 0x00000167f4b05d10 Uncommon trap: reason=class_check action=maybe_recompile pc=0x00000167e3505990 method=java.io.BufferedInputStream.read1([BII)I @ 39 c2
Event: 11.593 Thread 0x00000167f4b05d10 DEOPT PACKING pc=0x00000167e3505990 sp=0x0000003c740fed90
Event: 11.593 Thread 0x00000167f4b05d10 DEOPT UNPACKING pc=0x00000167db80d72e sp=0x0000003c740fecc8 mode 2

Classes unloaded (0 events):
No events

Classes redefined (0 events):
No events

Internal exceptions (20 events):
Event: 9.674 Thread 0x00000167ef7fad90 Exception <a 'java/lang/ClassNotFoundException'{0x00000000ee3668b8}: org/gradle/api/tasks/wrapper/Wrapper_DecoratedBeanInfo> (0x00000000ee3668b8) 
thrown [t:\workspace\open\src\hotspot\share\classfile\systemDictionary.cpp, line 256]
Event: 9.676 Thread 0x00000167ef7fad90 Exception <a 'java/lang/ClassNotFoundException'{0x00000000ee379bb8}: org/gradle/api/tasks/wrapper/WrapperBeanInfo> (0x00000000ee379bb8) 
thrown [t:\workspace\open\src\hotspot\share\classfile\systemDictionary.cpp, line 256]
Event: 9.677 Thread 0x00000167ef7fad90 Exception <a 'java/lang/ClassNotFoundException'{0x00000000ee38d100}: org/gradle/api/tasks/wrapper/WrapperCustomizer> (0x00000000ee38d100) 
thrown [t:\workspace\open\src\hotspot\share\classfile\systemDictionary.cpp, line 256]
Event: 9.681 Thread 0x00000167ef7fad90 Exception <a 'java/lang/ClassNotFoundException'{0x00000000ee3c2100}: org/gradle/api/tasks/wrapper/Wrapper_DecoratedCustomizer> (0x00000000ee3c2100) 
thrown [t:\workspace\open\src\hotspot\share\classfile\systemDictionary.cpp, line 256]
Event: 9.690 Thread 0x00000167ef7fad90 Implicit null exception at 0x00000167e330a220 to 0x00000167e330a91c
Event: 10.302 Thread 0x00000167f4b0bcb0 Exception <a 'java/lang/IncompatibleClassChangeError'{0x00000000ec273778}: Found class java.lang.Object, but interface was expected> (0x00000000ec273778) 
thrown [t:\workspace\open\src\hotspot\share\interpreter\linkResolver.cpp, line 857]
Event: 10.338 Thread 0x00000167f4b0bcb0 Exception <a 'java/lang/IncompatibleClassChangeError'{0x00000000ec1a7140}: Found class java.lang.Object, but interface was expected> (0x00000000ec1a7140) 
thrown [t:\workspace\open\src\hotspot\share\interpreter\linkResolver.cpp, line 857]
Event: 10.344 Thread 0x00000167f4b0bcb0 Exception <a 'java/lang/IncompatibleClassChangeError'{0x00000000ec00d3c8}: Found class java.lang.Object, but interface was expected> (0x00000000ec00d3c8) 
thrown [t:\workspace\open\src\hotspot\share\interpreter\linkResolver.cpp, line 857]
Event: 11.000 Thread 0x00000167f4b0bcb0 Implicit null exception at 0x00000167e35c2c33 to 0x00000167e35c2d44
Event: 11.092 Thread 0x00000167f4b0bcb0 Exception <a 'java/lang/NoSuchMethodError'{0x00000000e96c4b30}: 'int java.lang.invoke.DirectMethodHandle$Holder.invokeSpecial(java.lang.Object, java.lang.Object, java.lang.Object, java.lang.Object, java.lang.Object)'> (0x00000000e96c4b30) 
thrown [t:\workspace\open\src\hotspot\share\interpreter\linkResolver.cpp, line 790]
Event: 11.153 Thread 0x00000167f4b0bcb0 Exception <a 'java/lang/NoSuchMethodError'{0x00000000e9466090}: 'java.lang.Object java.lang.invoke.DirectMethodHandle$Holder.invokeVirtual(java.lang.Object, java.lang.Object, java.lang.Object)'> (0x00000000e9466090) 
thrown [t:\workspace\open\src\hotspot\share\interpreter\linkResolver.cpp, line 790]
Event: 11.157 Thread 0x00000167f4b0bcb0 Exception <a 'java/lang/NoSuchMethodError'{0x00000000e9484900}: 'void java.lang.invoke.DirectMethodHandle$Holder.invokeVirtual(java.lang.Object, java.lang.Object)'> (0x00000000e9484900) 
thrown [t:\workspace\open\src\hotspot\share\interpreter\linkResolver.cpp, line 790]
Event: 11.306 Thread 0x00000167f4b0bcb0 Implicit null exception at 0x00000167e368b5e6 to 0x00000167e368ba21
Event: 11.362 Thread 0x00000167f4b0bcb0 Exception <a 'java/lang/NoSuchMethodError'{0x00000000e8f069d8}: 'void java.lang.invoke.DirectMethodHandle$Holder.invokeSpecial(java.lang.Object, java.lang.Object, java.lang.Object, int)'> (0x00000000e8f069d8) 
thrown [t:\workspace\open\src\hotspot\share\interpreter\linkResolver.cpp, line 790]
Event: 11.502 Thread 0x00000167f4b0bcb0 Exception <a 'java/lang/NoSuchMethodError'{0x00000000e8ca5c08}: 'void java.lang.invoke.DirectMethodHandle$Holder.invokeStatic(java.lang.Object, long)'> (0x00000000e8ca5c08) 
thrown [t:\workspace\open\src\hotspot\share\interpreter\linkResolver.cpp, line 790]
Event: 11.502 Thread 0x00000167f4b0bcb0 Exception <a 'java/lang/NoSuchMethodError'{0x00000000e8cac180}: 'java.lang.Object java.lang.invoke.DirectMethodHandle$Holder.newInvokeSpecial(java.lang.Object, long)'> (0x00000000e8cac180) 
thrown [t:\workspace\open\src\hotspot\share\interpreter\linkResolver.cpp, line 790]
Event: 11.503 Thread 0x00000167f4b0bcb0 Exception <a 'java/lang/NoSuchMethodError'{0x00000000e8cb39b0}: 'java.lang.Object java.lang.invoke.DirectMethodHandle$Holder.invokeStatic(java.lang.Object, java.lang.Object, long, java.lang.Object)'> (0x00000000e8cb39b0) 
thrown [t:\workspace\open\src\hotspot\share\interpreter\linkResolver.cpp, line 790]
Event: 11.503 Thread 0x00000167f4b0bcb0 Exception <a 'java/lang/NoSuchMethodError'{0x00000000e8cb80f0}: 'java.lang.Object java.lang.invoke.DirectMethodHandle$Holder.invokeStaticInit(java.lang.Object, java.lang.Object, long, java.lang.Object)'> (0x00000000e8cb80f0) 
thrown [t:\workspace\open\src\hotspot\share\interpreter\linkResolver.cpp, line 790]
Event: 11.504 Thread 0x00000167f4b0bcb0 Exception <a 'java/lang/NoSuchMethodError'{0x00000000e8cbf4f0}: 'java.lang.Object java.lang.invoke.DirectMethodHandle$Holder.newInvokeSpecial(java.lang.Object, java.lang.Object, long)'> (0x00000000e8cbf4f0) 
thrown [t:\workspace\open\src\hotspot\share\interpreter\linkResolver.cpp, line 790]
Event: 11.504 Thread 0x00000167f4b0bcb0 Exception <a 'java/lang/NoSuchMethodError'{0x00000000e8cc3d00}: 'java.lang.Object java.lang.invoke.Invokers$Holder.linkToTargetMethod(java.lang.Object, long, java.lang.Object)'> (0x00000000e8cc3d00) 
thrown [t:\workspace\open\src\hotspot\share\interpreter\linkResolver.cpp, line 790]

Events (20 events):
Event: 11.502 loading class java/lang/ProcessHandleImpl
Event: 11.503 loading class java/lang/ProcessHandleImpl done
Event: 11.504 loading class java/lang/ProcessImpl$2
Event: 11.504 loading class java/lang/ProcessImpl$2 done
Event: 11.504 loading class java/lang/Process$PipeInputStream
Event: 11.504 loading class java/lang/Process$PipeInputStream done
Event: 11.504 loading class java/lang/ProcessBuilder$NullInputStream
Event: 11.504 loading class java/lang/ProcessBuilder$NullInputStream done
Event: 11.504 loading class jdk/internal/event/ProcessStartEvent
Event: 11.504 loading class jdk/internal/event/Event
Event: 11.504 loading class jdk/internal/event/Event done
Event: 11.504 loading class jdk/internal/event/ProcessStartEvent done
Event: 11.504 loading class java/util/concurrent/Semaphore
Event: 11.504 loading class java/util/concurrent/Semaphore done
Event: 11.504 loading class java/util/concurrent/Semaphore$NonfairSync
Event: 11.504 loading class java/util/concurrent/Semaphore$Sync
Event: 11.505 loading class java/util/concurrent/Semaphore$Sync done
Event: 11.505 loading class java/util/concurrent/Semaphore$NonfairSync done
Event: 11.506 Thread 0x00000167f4b05d10 Thread added: 0x00000167f4b05d10
Event: 11.583 Thread 0x00000167f5df9dd0 Thread exited: 0x00000167f5df9dd0


Dynamic libraries:
0x00007ff655fc0000 - 0x00007ff655fd0000 	C:\Program Files\Java\jdk-16.0.2\bin\java.exe
0x00007ffd65a10000 - 0x00007ffd65c05000 	C:\Windows\SYSTEM32\ntdll.dll
0x00007ffd653e0000 - 0x00007ffd6549e000 	C:\Windows\System32\KERNEL32.DLL
0x00007ffd63350000 - 0x00007ffd63619000 	C:\Windows\System32\KERNELBASE.dll
0x00007ffd637d0000 - 0x00007ffd638d0000 	C:\Windows\System32\ucrtbase.dll
0x00007ffd51ab0000 - 0x00007ffd51ac9000 	C:\Program Files\Java\jdk-16.0.2\bin\VCRUNTIME140.dll
0x00007ffd5a850000 - 0x00007ffd5a868000 	C:\Program Files\Java\jdk-16.0.2\bin\jli.dll
0x00007ffd65850000 - 0x00007ffd658fc000 	C:\Windows\System32\ADVAPI32.dll
0x00007ffd65900000 - 0x00007ffd6599e000 	C:\Windows\System32\msvcrt.dll
0x00007ffd63a30000 - 0x00007ffd63acb000 	C:\Windows\System32\sechost.dll
0x00007ffd654a0000 - 0x00007ffd655ca000 	C:\Windows\System32\RPCRT4.dll
0x00007ffd656a0000 - 0x00007ffd65841000 	C:\Windows\System32\USER32.dll
0x00007ffd63100000 - 0x00007ffd63122000 	C:\Windows\System32\win32u.dll
0x00007ffd64b30000 - 0x00007ffd64b5b000 	C:\Windows\System32\GDI32.dll
0x00007ffd63240000 - 0x00007ffd6334b000 	C:\Windows\System32\gdi32full.dll
0x00007ffd638d0000 - 0x00007ffd6396d000 	C:\Windows\System32\msvcp_win.dll
0x00007ffd5b920000 - 0x00007ffd5b92a000 	C:\Windows\SYSTEM32\VERSION.dll
0x00007ffd50480000 - 0x00007ffd5071a000 	C:\Windows\WinSxS\amd64_microsoft.windows.common-controls_6595b64144ccf1df_6.0.19041.1110_none_60b5254171f9507e\COMCTL32.dll
0x00007ffd64040000 - 0x00007ffd64070000 	C:\Windows\System32\IMM32.DLL
0x00007ffd5df40000 - 0x00007ffd5df4c000 	C:\Program Files\Java\jdk-16.0.2\bin\vcruntime140_1.dll
0x00007ffd42660000 - 0x00007ffd426f1000 	C:\Program Files\Java\jdk-16.0.2\bin\msvcp140.dll
0x00007ffd1dba0000 - 0x00007ffd1e74b000 	C:\Program Files\Java\jdk-16.0.2\bin\server\jvm.dll
0x00007ffd63ad0000 - 0x00007ffd63ad8000 	C:\Windows\System32\PSAPI.DLL
0x00007ffd5ec50000 - 0x00007ffd5ec59000 	C:\Windows\SYSTEM32\WSOCK32.dll
0x00007ffd65630000 - 0x00007ffd6569b000 	C:\Windows\System32\WS2_32.dll
0x00007ffd508d0000 - 0x00007ffd508f7000 	C:\Windows\SYSTEM32\WINMM.dll
0x00007ffd619b0000 - 0x00007ffd619c2000 	C:\Windows\SYSTEM32\kernel.appcore.dll
0x00007ffd5c2f0000 - 0x00007ffd5c2fa000 	C:\Program Files\Java\jdk-16.0.2\bin\jimage.dll
0x00007ffd4a460000 - 0x00007ffd4a644000 	C:\Windows\SYSTEM32\DBGHELP.DLL
0x00007ffd4a430000 - 0x00007ffd4a45c000 	C:\Windows\SYSTEM32\dbgcore.DLL
0x00007ffd639a0000 - 0x00007ffd63a23000 	C:\Windows\System32\bcryptPrimitives.dll
0x00007ffd435e0000 - 0x00007ffd43605000 	C:\Program Files\Java\jdk-16.0.2\bin\java.dll
0x00007ffd64b60000 - 0x00007ffd6529f000 	C:\Windows\System32\SHELL32.dll
0x00007ffd61000000 - 0x00007ffd61790000 	C:\Windows\SYSTEM32\windows.storage.dll
0x00007ffd64560000 - 0x00007ffd648b5000 	C:\Windows\System32\combase.dll
0x00007ffd62b50000 - 0x00007ffd62b7c000 	C:\Windows\SYSTEM32\Wldp.dll
0x00007ffd652a0000 - 0x00007ffd6534e000 	C:\Windows\System32\SHCORE.dll
0x00007ffd642f0000 - 0x00007ffd64345000 	C:\Windows\System32\shlwapi.dll
0x00007ffd63040000 - 0x00007ffd6305f000 	C:\Windows\SYSTEM32\profapi.dll
0x00007ffd51150000 - 0x00007ffd51169000 	C:\Program Files\Java\jdk-16.0.2\bin\net.dll
0x00007ffd56230000 - 0x00007ffd56338000 	C:\Windows\SYSTEM32\WINHTTP.dll
0x00007ffd628b0000 - 0x00007ffd6291a000 	C:\Windows\system32\mswsock.dll
0x00007ffd4f840000 - 0x00007ffd4f853000 	C:\Program Files\Java\jdk-16.0.2\bin\nio.dll
0x00007ffd4f6c0000 - 0x00007ffd4f6d8000 	C:\Program Files\Java\jdk-16.0.2\bin\zip.dll
0x00007ffd5bcf0000 - 0x00007ffd5bd00000 	C:\Program Files\Java\jdk-16.0.2\bin\verify.dll
0x00007ffd43560000 - 0x00007ffd43587000 	C:\Users\user\.gradle\native\8bec1ad78214c89d9ad589b4d07fe93259594b29d510b10fafb7a158f7737e5d\windows-amd64\native-platform.dll
0x00007ffd409e0000 - 0x00007ffd40b1d000 	C:\Users\user\.gradle\native\53dbd7edfb1c66fb8903c78663c9afc45aea4f116125fa6feffd364cf09443e8\windows-amd64\native-platform-file-events.dll
0x00007ffd5c260000 - 0x00007ffd5c269000 	C:\Program Files\Java\jdk-16.0.2\bin\management.dll
0x00007ffd5bd50000 - 0x00007ffd5bd5b000 	C:\Program Files\Java\jdk-16.0.2\bin\management_ext.dll
0x00007ffd62ab0000 - 0x00007ffd62ac8000 	C:\Windows\SYSTEM32\CRYPTSP.dll
0x00007ffd621c0000 - 0x00007ffd621f4000 	C:\Windows\system32\rsaenh.dll
0x00007ffd63970000 - 0x00007ffd63997000 	C:\Windows\System32\bcrypt.dll
0x00007ffd62fc0000 - 0x00007ffd62fee000 	C:\Windows\SYSTEM32\USERENV.dll
0x00007ffd62aa0000 - 0x00007ffd62aac000 	C:\Windows\SYSTEM32\CRYPTBASE.dll
0x00007ffd62550000 - 0x00007ffd6258b000 	C:\Windows\SYSTEM32\IPHLPAPI.DLL
0x00007ffd649e0000 - 0x00007ffd649e8000 	C:\Windows\System32\NSI.dll
0x00007ffd5cf40000 - 0x00007ffd5cf57000 	C:\Windows\SYSTEM32\dhcpcsvc6.DLL
0x00007ffd5b720000 - 0x00007ffd5b73d000 	C:\Windows\SYSTEM32\dhcpcsvc.DLL
0x00007ffd625a0000 - 0x00007ffd6266c000 	C:\Windows\SYSTEM32\DNSAPI.dll
0x00007ffd5a950000 - 0x00007ffd5a95e000 	C:\Program Files\Java\jdk-16.0.2\bin\sunmscapi.dll
0x00007ffd63670000 - 0x00007ffd637c6000 	C:\Windows\System32\CRYPT32.dll
0x00007ffd62bc0000 - 0x00007ffd62be7000 	C:\Windows\SYSTEM32\ncrypt.dll
0x00007ffd62b80000 - 0x00007ffd62bbb000 	C:\Windows\SYSTEM32\NTASN1.dll
0x00007ffd517f0000 - 0x00007ffd517f7000 	C:\Windows\system32\wshunix.dll
0x00007ffd5a470000 - 0x00007ffd5a48e000 	C:\Users\user\AppData\Local\Temp\native-platform4291703119972043765dir\native-platform.dll

dbghelp: loaded successfully - version: 4.0.5 - missing functions: none
symbol engine: initialized successfully - sym options: 0x614 - pdb path: .;C:\Program Files\Java\jdk-16.0.2\bin;C:\Windows\SYSTEM32;C:\Windows\WinSxS\amd64_microsoft.windows.common-controls_6595b64144ccf1df_6.0.19041.1110_none_60b5254171f9507e;C:\Program Files\Java\jdk-16.0.2\bin\server;C:\Users\user\.gradle\native\8bec1ad78214c89d9ad589b4d07fe93259594b29d510b10fafb7a158f7737e5d\windows-amd64;C:\Users\user\.gradle\native\53dbd7edfb1c66fb8903c78663c9afc45aea4f116125fa6feffd364cf09443e8\windows-amd64;C:\Users\user\AppData\Local\Temp\native-platform4291703119972043765dir

VM Arguments:
jvm_args: --add-opens=java.base/java.util=ALL-UNNAMED --add-opens=java.base/java.lang=ALL-UNNAMED --add-opens=java.base/java.lang.invoke=ALL-UNNAMED --add-opens=java.base/java.util=ALL-UNNAMED --add-opens=java.prefs/java.util.prefs=ALL-UNNAMED --add-opens=java.prefs/java.util.prefs=ALL-UNNAMED --add-opens=java.base/java.nio.charset=ALL-UNNAMED --add-opens=java.base/java.net=ALL-UNNAMED --add-opens=java.base/java.util.concurrent.atomic=ALL-UNNAMED -XX:MaxMetaspaceSize=256m -XX:+HeapDumpOnOutOfMemoryError -Xms256m -Xmx512m -Dfile.encoding=windows-1251 -Duser.country=RU -Duser.language=ru -Duser.variant 
java_command: org.gradle.launcher.daemon.bootstrap.GradleDaemon 7.1.1
java_class_path (initial): C:\Users\user\.gradle\wrapper\dists\gradle-7.1.1-bin\f29rtwfnc96ub43tt7p47zsru\gradle-7.1.1\lib\gradle-launcher-7.1.1.jar
Launcher Type: SUN_STANDARD

[Global flags]
     intx CICompilerCount                          = 4                                         {product} {ergonomic}
   size_t CompressedClassSpaceSize                 = 218103808                                 {product} {ergonomic}
     uint ConcGCThreads                            = 2                                         {product} {ergonomic}
     uint G1ConcRefinementThreads                  = 8                                         {product} {ergonomic}
   size_t G1HeapRegionSize                         = 1048576                                   {product} {ergonomic}
    uintx GCDrainStackTargetSize                   = 64                                        {product} {ergonomic}
     bool HeapDumpOnOutOfMemoryError               = true                                   {manageable} {command line}
   size_t InitialHeapSize                          = 268435456                                 {product} {command line}
   size_t MarkStackSize                            = 4194304                                   {product} {ergonomic}
   size_t MaxHeapSize                              = 536870912                                 {product} {command line}
   size_t MaxMetaspaceSize                         = 268435456                                 {product} {command line}
   size_t MaxNewSize                               = 321912832                                 {product} {ergonomic}
   size_t MinHeapDeltaBytes                        = 1048576                                   {product} {ergonomic}
   size_t MinHeapSize                              = 268435456                                 {product} {command line}
    uintx NonNMethodCodeHeapSize                   = 5839372                                {pd product} {ergonomic}
    uintx NonProfiledCodeHeapSize                  = 122909434                              {pd product} {ergonomic}
    uintx ProfiledCodeHeapSize                     = 122909434                              {pd product} {ergonomic}
    uintx ReservedCodeCacheSize                    = 251658240                              {pd product} {ergonomic}
     bool SegmentedCodeCache                       = true                                      {product} {ergonomic}
   size_t SoftMaxHeapSize                          = 536870912                              {manageable} {ergonomic}
     bool UseCompressedClassPointers               = true                           {product lp64_product} {ergonomic}
     bool UseCompressedOops                        = true                           {product lp64_product} {ergonomic}
     bool UseG1GC                                  = true                                      {product} {ergonomic}
     bool UseLargePagesIndividualAllocation        = false                                  {pd product} {ergonomic}

Logging:
Log output configuration:
 #0: stdout all=warning uptime,level,tags
 #1: stderr all=off uptime,level,tags

Environment Variables:
JAVA_HOME=C:\Program Files\Java\jdk-16.0.2
CLASSPATH=D:\KFD_labs\Coffee Machine\\gradle\wrapper\gradle-wrapper.jar
PATH=C:\ProgramData\Oracle\Java\javapath;C:\Program Files\Common Files\Oracle\Java\javapath;C:\Program Files (x86)\Embarcadero\Studio\20.0\bin;C:\Users\Public\Documents\Embarcadero\Studio\20.0\Bpl;C:\Program Files (x86)\Embarcadero\Studio\20.0\bin64;C:\Users\Public\Documents\Embarcadero\Studio\20.0\Bpl\Win64;C:\Windows\system32;C:\Windows;C:\Windows\System32\Wbem;C:\Windows\System32\WindowsPowerShell\v1.0\;C:\Windows\System32\OpenSSH\;C:\Program Files (x86)\Brackets\command;C:\Program Files\Git\cmd;C:\Program Files\nodejs\;C:\ProgramData\chocolatey\bin;C;C:\Program Files\dotnet\;C:\Program Files\Java\jdk-16.0.2\bin\api-ms-win-core-file-l1-1-0;C:\Users\user\AppData\Local\GitHubDesktop\bin;C:\Users\user\AppData\Local\Programs\Python\Python38;
USERNAME=user
OS=Windows_NT
PROCESSOR_IDENTIFIER=Intel64 Family 6 Model 142 Stepping 10, GenuineIntel



---------------  S Y S T E M  ---------------

OS:
 Windows 10 , 64 bit Build 19041 (10.0.19041.1202)
OS uptime: 3 days 21:48 hours

CPU: total 8 (initial active 8) (4 cores per cpu, 2 threads per core) family 6 model 142 stepping 10 microcode 0xb4, cx8, cmov, fxsr, ht, mmx, 3dnowpref, sse, sse2, sse3, ssse3, sse4.1, sse4.2, popcnt, lzcnt, tsc, tscinvbit, avx, avx2, aes, erms, clmul, bmi1, bmi2, adx, fma, vzeroupper, clflush, clflushopt

Memory: 4k page, system-wide physical 16268M (3085M free)
TotalPageFile size 20364M (AvailPageFile size 69M)
current process WorkingSet (physical memory assigned to process): 428M, peak: 436M
current process commit charge ("private bytes"): 528M, peak: 535M

vm_info: Java HotSpot(TM) 64-Bit Server VM (16.0.2+7-67) for windows-amd64 JRE (16.0.2+7-67), built on Jun  8 2021 23:24:19 by "mach5one" with MS VC++ 16.7 (VS2019)

END.
